2021-04-02 09:21:47,556 - Starting ProductCategoryRepositoryTest using Java 1.8.0_131 on DESKTOP-D10RV2D with PID 7492 (started by Elwood in D:\Projects\sell)
2021-04-02 09:21:47,581 - No active profile set, falling back to default profiles: default
2021-04-02 09:21:48,126 - Bootstrapping Spring Data JPA repositories in DEFAULT mode.
2021-04-02 09:21:48,175 - Finished Spring Data repository scanning in 42 ms. Found 1 JPA repository interfaces.
2021-04-02 09:21:48,593 - HikariPool-1 - Starting...
2021-04-02 09:21:48,890 - HikariPool-1 - Driver does not support get/set network timeout for connections. (com.mysql.jdbc.JDBC4Connection.getNetworkTimeout()I)
2021-04-02 09:21:48,920 - HikariPool-1 - Start completed.
2021-04-02 09:21:49,023 - HHH000204: Processing PersistenceUnitInfo [name: default]
2021-04-02 09:21:49,071 - HHH000412: Hibernate ORM core version 5.4.29.Final
2021-04-02 09:21:49,458 - HCANN000001: Hibernate Commons Annotations {5.1.2.Final}
2021-04-02 09:21:49,767 - HHH000400: Using dialect: org.hibernate.dialect.MySQL57Dialect
2021-04-02 09:21:50,267 - HHH000490: Using JtaPlatform implementation: [org.hibernate.engine.transaction.jta.platform.internal.NoJtaPlatform]
2021-04-02 09:21:50,275 - Initialized JPA EntityManagerFactory for persistence unit 'default'
2021-04-02 09:21:50,452 - spring.jpa.open-in-view is enabled by default. Therefore, database queries may be performed during view rendering. Explicitly configure spring.jpa.open-in-view to disable this warning
2021-04-02 09:21:50,645 - Initializing ExecutorService 'applicationTaskExecutor'
2021-04-02 09:21:51,145 - Started ProductCategoryRepositoryTest in 3.945 seconds (JVM running for 5.065)
2021-04-02 09:21:51,479 - Shutting down ExecutorService 'applicationTaskExecutor'
2021-04-02 09:21:51,480 - Closing JPA EntityManagerFactory for persistence unit 'default'
2021-04-02 09:21:51,482 - HikariPool-1 - Shutdown initiated...
2021-04-02 09:21:51,486 - HikariPool-1 - Shutdown completed.
2021-04-02 09:24:32,629 - Starting ProductCategoryRepositoryTest using Java 1.8.0_131 on DESKTOP-D10RV2D with PID 10972 (started by Elwood in D:\Projects\sell)
2021-04-02 09:24:32,631 - No active profile set, falling back to default profiles: default
2021-04-02 09:24:33,213 - Bootstrapping Spring Data JPA repositories in DEFAULT mode.
2021-04-02 09:24:33,281 - Finished Spring Data repository scanning in 46 ms. Found 1 JPA repository interfaces.
2021-04-02 09:24:33,751 - HikariPool-1 - Starting...
2021-04-02 09:24:34,031 - HikariPool-1 - Driver does not support get/set network timeout for connections. (com.mysql.jdbc.JDBC4Connection.getNetworkTimeout()I)
2021-04-02 09:24:34,063 - HikariPool-1 - Start completed.
2021-04-02 09:24:34,184 - HHH000204: Processing PersistenceUnitInfo [name: default]
2021-04-02 09:24:34,233 - HHH000412: Hibernate ORM core version 5.4.29.Final
2021-04-02 09:24:34,360 - HCANN000001: Hibernate Commons Annotations {5.1.2.Final}
2021-04-02 09:24:34,682 - HHH000400: Using dialect: org.hibernate.dialect.MySQL57Dialect
2021-04-02 09:24:35,191 - HHH000490: Using JtaPlatform implementation: [org.hibernate.engine.transaction.jta.platform.internal.NoJtaPlatform]
2021-04-02 09:24:35,200 - Initialized JPA EntityManagerFactory for persistence unit 'default'
2021-04-02 09:24:35,380 - spring.jpa.open-in-view is enabled by default. Therefore, database queries may be performed during view rendering. Explicitly configure spring.jpa.open-in-view to disable this warning
2021-04-02 09:24:35,590 - Initializing ExecutorService 'applicationTaskExecutor'
2021-04-02 09:24:36,140 - Started ProductCategoryRepositoryTest in 3.964 seconds (JVM running for 4.971)
2021-04-02 09:24:36,444 - Shutting down ExecutorService 'applicationTaskExecutor'
2021-04-02 09:24:36,444 - Closing JPA EntityManagerFactory for persistence unit 'default'
2021-04-02 09:24:36,446 - HikariPool-1 - Shutdown initiated...
2021-04-02 09:24:36,448 - HikariPool-1 - Shutdown completed.
2021-04-02 09:25:13,688 - Starting ProductCategoryRepositoryTest using Java 1.8.0_131 on DESKTOP-D10RV2D with PID 12892 (started by Elwood in D:\Projects\sell)
2021-04-02 09:25:13,690 - No active profile set, falling back to default profiles: default
2021-04-02 09:25:14,221 - Bootstrapping Spring Data JPA repositories in DEFAULT mode.
2021-04-02 09:25:14,269 - Finished Spring Data repository scanning in 42 ms. Found 1 JPA repository interfaces.
2021-04-02 09:25:14,662 - HikariPool-1 - Starting...
2021-04-02 09:25:14,956 - HikariPool-1 - Driver does not support get/set network timeout for connections. (com.mysql.jdbc.JDBC4Connection.getNetworkTimeout()I)
2021-04-02 09:25:14,985 - HikariPool-1 - Start completed.
2021-04-02 09:25:15,096 - HHH000204: Processing PersistenceUnitInfo [name: default]
2021-04-02 09:25:15,144 - HHH000412: Hibernate ORM core version 5.4.29.Final
2021-04-02 09:25:15,262 - HCANN000001: Hibernate Commons Annotations {5.1.2.Final}
2021-04-02 09:25:15,549 - HHH000400: Using dialect: org.hibernate.dialect.MySQL57Dialect
2021-04-02 09:25:16,016 - HHH000490: Using JtaPlatform implementation: [org.hibernate.engine.transaction.jta.platform.internal.NoJtaPlatform]
2021-04-02 09:25:16,024 - Initialized JPA EntityManagerFactory for persistence unit 'default'
2021-04-02 09:25:16,200 - spring.jpa.open-in-view is enabled by default. Therefore, database queries may be performed during view rendering. Explicitly configure spring.jpa.open-in-view to disable this warning
2021-04-02 09:25:16,406 - Initializing ExecutorService 'applicationTaskExecutor'
2021-04-02 09:25:16,915 - Started ProductCategoryRepositoryTest in 3.594 seconds (JVM running for 4.882)
2021-04-02 09:25:17,134 - SQL Error: 1146, SQLState: 42S02
2021-04-02 09:25:17,401 - Shutting down ExecutorService 'applicationTaskExecutor'
2021-04-02 09:25:17,402 - Closing JPA EntityManagerFactory for persistence unit 'default'
2021-04-02 09:25:17,403 - HikariPool-1 - Shutdown initiated...
2021-04-02 09:25:17,406 - HikariPool-1 - Shutdown completed.
2021-04-02 09:27:07,574 - Starting ProductCategoryRepositoryTest using Java 1.8.0_131 on DESKTOP-D10RV2D with PID 5708 (started by Elwood in D:\Projects\sell)
2021-04-02 09:27:07,575 - No active profile set, falling back to default profiles: default
2021-04-02 09:27:08,068 - Bootstrapping Spring Data JPA repositories in DEFAULT mode.
2021-04-02 09:27:08,121 - Finished Spring Data repository scanning in 43 ms. Found 1 JPA repository interfaces.
2021-04-02 09:27:08,533 - HikariPool-1 - Starting...
2021-04-02 09:27:08,810 - HikariPool-1 - Driver does not support get/set network timeout for connections. (com.mysql.jdbc.JDBC4Connection.getNetworkTimeout()I)
2021-04-02 09:27:08,843 - HikariPool-1 - Start completed.
2021-04-02 09:27:08,956 - HHH000204: Processing PersistenceUnitInfo [name: default]
2021-04-02 09:27:09,002 - HHH000412: Hibernate ORM core version 5.4.29.Final
2021-04-02 09:27:09,123 - HCANN000001: Hibernate Commons Annotations {5.1.2.Final}
2021-04-02 09:27:09,416 - HHH000400: Using dialect: org.hibernate.dialect.MySQL57Dialect
2021-04-02 09:27:09,879 - HHH000490: Using JtaPlatform implementation: [org.hibernate.engine.transaction.jta.platform.internal.NoJtaPlatform]
2021-04-02 09:27:09,887 - Initialized JPA EntityManagerFactory for persistence unit 'default'
2021-04-02 09:27:10,065 - spring.jpa.open-in-view is enabled by default. Therefore, database queries may be performed during view rendering. Explicitly configure spring.jpa.open-in-view to disable this warning
2021-04-02 09:27:10,253 - Initializing ExecutorService 'applicationTaskExecutor'
2021-04-02 09:27:10,736 - Started ProductCategoryRepositoryTest in 3.549 seconds (JVM running for 4.449)
2021-04-02 09:27:11,191 - Shutting down ExecutorService 'applicationTaskExecutor'
2021-04-02 09:27:11,192 - Closing JPA EntityManagerFactory for persistence unit 'default'
2021-04-02 09:27:11,193 - HikariPool-1 - Shutdown initiated...
2021-04-02 09:27:11,196 - HikariPool-1 - Shutdown completed.
2021-04-02 09:28:39,012 - Starting ProductCategoryRepositoryTest using Java 1.8.0_131 on DESKTOP-D10RV2D with PID 6480 (started by Elwood in D:\Projects\sell)
2021-04-02 09:28:39,014 - No active profile set, falling back to default profiles: default
2021-04-02 09:28:39,482 - Bootstrapping Spring Data JPA repositories in DEFAULT mode.
2021-04-02 09:28:39,531 - Finished Spring Data repository scanning in 42 ms. Found 1 JPA repository interfaces.
2021-04-02 09:28:39,939 - HikariPool-1 - Starting...
2021-04-02 09:28:40,257 - HikariPool-1 - Driver does not support get/set network timeout for connections. (com.mysql.jdbc.JDBC4Connection.getNetworkTimeout()I)
2021-04-02 09:28:40,295 - HikariPool-1 - Start completed.
2021-04-02 09:28:40,406 - HHH000204: Processing PersistenceUnitInfo [name: default]
2021-04-02 09:28:40,454 - HHH000412: Hibernate ORM core version 5.4.29.Final
2021-04-02 09:28:40,573 - HCANN000001: Hibernate Commons Annotations {5.1.2.Final}
2021-04-02 09:28:40,869 - HHH000400: Using dialect: org.hibernate.dialect.MySQL57Dialect
2021-04-02 09:28:41,324 - HHH000490: Using JtaPlatform implementation: [org.hibernate.engine.transaction.jta.platform.internal.NoJtaPlatform]
2021-04-02 09:28:41,333 - Initialized JPA EntityManagerFactory for persistence unit 'default'
2021-04-02 09:28:41,500 - spring.jpa.open-in-view is enabled by default. Therefore, database queries may be performed during view rendering. Explicitly configure spring.jpa.open-in-view to disable this warning
2021-04-02 09:28:41,689 - Initializing ExecutorService 'applicationTaskExecutor'
2021-04-02 09:28:42,153 - Started ProductCategoryRepositoryTest in 3.521 seconds (JVM running for 4.341)
2021-04-02 09:28:42,612 - Shutting down ExecutorService 'applicationTaskExecutor'
2021-04-02 09:28:42,612 - Closing JPA EntityManagerFactory for persistence unit 'default'
2021-04-02 09:28:42,614 - HikariPool-1 - Shutdown initiated...
2021-04-02 09:28:42,617 - HikariPool-1 - Shutdown completed.
2021-04-02 09:29:14,489 - Starting ProductCategoryRepositoryTest using Java 1.8.0_131 on DESKTOP-D10RV2D with PID 9844 (started by Elwood in D:\Projects\sell)
2021-04-02 09:29:14,492 - No active profile set, falling back to default profiles: default
2021-04-02 09:29:15,085 - Bootstrapping Spring Data JPA repositories in DEFAULT mode.
2021-04-02 09:29:15,145 - Finished Spring Data repository scanning in 52 ms. Found 1 JPA repository interfaces.
2021-04-02 09:29:15,646 - HikariPool-1 - Starting...
2021-04-02 09:29:15,934 - HikariPool-1 - Driver does not support get/set network timeout for connections. (com.mysql.jdbc.JDBC4Connection.getNetworkTimeout()I)
2021-04-02 09:29:15,970 - HikariPool-1 - Start completed.
2021-04-02 09:29:16,075 - HHH000204: Processing PersistenceUnitInfo [name: default]
2021-04-02 09:29:16,121 - HHH000412: Hibernate ORM core version 5.4.29.Final
2021-04-02 09:29:16,240 - HCANN000001: Hibernate Commons Annotations {5.1.2.Final}
2021-04-02 09:29:16,550 - HHH000400: Using dialect: org.hibernate.dialect.MySQL57Dialect
2021-04-02 09:29:17,047 - HHH000490: Using JtaPlatform implementation: [org.hibernate.engine.transaction.jta.platform.internal.NoJtaPlatform]
2021-04-02 09:29:17,057 - Initialized JPA EntityManagerFactory for persistence unit 'default'
2021-04-02 09:29:17,224 - spring.jpa.open-in-view is enabled by default. Therefore, database queries may be performed during view rendering. Explicitly configure spring.jpa.open-in-view to disable this warning
2021-04-02 09:29:17,481 - Initializing ExecutorService 'applicationTaskExecutor'
2021-04-02 09:29:17,976 - Started ProductCategoryRepositoryTest in 3.865 seconds (JVM running for 4.69)
2021-04-02 09:29:18,467 - Shutting down ExecutorService 'applicationTaskExecutor'
2021-04-02 09:29:18,468 - Closing JPA EntityManagerFactory for persistence unit 'default'
2021-04-02 09:29:18,472 - HikariPool-1 - Shutdown initiated...
2021-04-02 09:29:18,476 - HikariPool-1 - Shutdown completed.
2021-04-02 09:33:30,437 - Starting ProductCategoryRepositoryTest using Java 1.8.0_131 on DESKTOP-D10RV2D with PID 8212 (started by Elwood in D:\Projects\sell)
2021-04-02 09:33:30,439 - No active profile set, falling back to default profiles: default
2021-04-02 09:33:30,938 - Bootstrapping Spring Data JPA repositories in DEFAULT mode.
2021-04-02 09:33:30,981 - Finished Spring Data repository scanning in 36 ms. Found 1 JPA repository interfaces.
2021-04-02 09:33:31,421 - HikariPool-1 - Starting...
2021-04-02 09:33:31,705 - HikariPool-1 - Driver does not support get/set network timeout for connections. (com.mysql.jdbc.JDBC4Connection.getNetworkTimeout()I)
2021-04-02 09:33:31,738 - HikariPool-1 - Start completed.
2021-04-02 09:33:31,829 - HHH000204: Processing PersistenceUnitInfo [name: default]
2021-04-02 09:33:31,877 - HHH000412: Hibernate ORM core version 5.4.29.Final
2021-04-02 09:33:31,999 - HCANN000001: Hibernate Commons Annotations {5.1.2.Final}
2021-04-02 09:33:32,313 - HHH000400: Using dialect: org.hibernate.dialect.MySQL57Dialect
2021-04-02 09:33:32,778 - HHH000490: Using JtaPlatform implementation: [org.hibernate.engine.transaction.jta.platform.internal.NoJtaPlatform]
2021-04-02 09:33:32,787 - Initialized JPA EntityManagerFactory for persistence unit 'default'
2021-04-02 09:33:32,979 - spring.jpa.open-in-view is enabled by default. Therefore, database queries may be performed during view rendering. Explicitly configure spring.jpa.open-in-view to disable this warning
2021-04-02 09:33:33,172 - Initializing ExecutorService 'applicationTaskExecutor'
2021-04-02 09:33:33,655 - Started ProductCategoryRepositoryTest in 3.568 seconds (JVM running for 4.406)
2021-04-02 09:33:34,104 - Shutting down ExecutorService 'applicationTaskExecutor'
2021-04-02 09:33:34,105 - Closing JPA EntityManagerFactory for persistence unit 'default'
2021-04-02 09:33:34,105 - HikariPool-1 - Shutdown initiated...
2021-04-02 09:33:34,109 - HikariPool-1 - Shutdown completed.
2021-04-02 09:40:38,757 - Starting ProductCategoryRepositoryTest using Java 1.8.0_131 on DESKTOP-D10RV2D with PID 7720 (started by Elwood in D:\Projects\sell)
2021-04-02 09:40:38,759 - No active profile set, falling back to default profiles: default
2021-04-02 09:40:39,308 - Bootstrapping Spring Data JPA repositories in DEFAULT mode.
2021-04-02 09:40:39,368 - Finished Spring Data repository scanning in 52 ms. Found 1 JPA repository interfaces.
2021-04-02 09:40:39,943 - HikariPool-1 - Starting...
2021-04-02 09:40:40,212 - HikariPool-1 - Driver does not support get/set network timeout for connections. (com.mysql.jdbc.JDBC4Connection.getNetworkTimeout()I)
2021-04-02 09:40:40,236 - HikariPool-1 - Start completed.
2021-04-02 09:40:40,336 - HHH000204: Processing PersistenceUnitInfo [name: default]
2021-04-02 09:40:40,385 - HHH000412: Hibernate ORM core version 5.4.29.Final
2021-04-02 09:40:40,557 - HCANN000001: Hibernate Commons Annotations {5.1.2.Final}
2021-04-02 09:40:40,892 - HHH000400: Using dialect: org.hibernate.dialect.MySQL57Dialect
2021-04-02 09:40:41,410 - HHH000490: Using JtaPlatform implementation: [org.hibernate.engine.transaction.jta.platform.internal.NoJtaPlatform]
2021-04-02 09:40:41,419 - Initialized JPA EntityManagerFactory for persistence unit 'default'
2021-04-02 09:40:41,663 - spring.jpa.open-in-view is enabled by default. Therefore, database queries may be performed during view rendering. Explicitly configure spring.jpa.open-in-view to disable this warning
2021-04-02 09:40:41,954 - Initializing ExecutorService 'applicationTaskExecutor'
2021-04-02 09:40:42,839 - Started ProductCategoryRepositoryTest in 4.646 seconds (JVM running for 5.54)
2021-04-02 09:40:43,372 - Shutting down ExecutorService 'applicationTaskExecutor'
2021-04-02 09:40:43,372 - Closing JPA EntityManagerFactory for persistence unit 'default'
2021-04-02 09:40:43,374 - HikariPool-1 - Shutdown initiated...
2021-04-02 09:40:43,378 - HikariPool-1 - Shutdown completed.
2021-04-02 09:41:53,374 - Starting ProductCategoryRepositoryTest using Java 1.8.0_131 on DESKTOP-D10RV2D with PID 11424 (started by Elwood in D:\Projects\sell)
2021-04-02 09:41:53,376 - No active profile set, falling back to default profiles: default
2021-04-02 09:41:53,888 - Bootstrapping Spring Data JPA repositories in DEFAULT mode.
2021-04-02 09:41:53,948 - Finished Spring Data repository scanning in 49 ms. Found 1 JPA repository interfaces.
2021-04-02 09:41:54,357 - HikariPool-1 - Starting...
2021-04-02 09:41:54,683 - HikariPool-1 - Driver does not support get/set network timeout for connections. (com.mysql.jdbc.JDBC4Connection.getNetworkTimeout()I)
2021-04-02 09:41:54,718 - HikariPool-1 - Start completed.
2021-04-02 09:41:54,830 - HHH000204: Processing PersistenceUnitInfo [name: default]
2021-04-02 09:41:54,877 - HHH000412: Hibernate ORM core version 5.4.29.Final
2021-04-02 09:41:54,998 - HCANN000001: Hibernate Commons Annotations {5.1.2.Final}
2021-04-02 09:41:55,294 - HHH000400: Using dialect: org.hibernate.dialect.MySQL57Dialect
2021-04-02 09:41:55,914 - HHH000490: Using JtaPlatform implementation: [org.hibernate.engine.transaction.jta.platform.internal.NoJtaPlatform]
2021-04-02 09:41:55,931 - Initialized JPA EntityManagerFactory for persistence unit 'default'
2021-04-02 09:41:56,364 - spring.jpa.open-in-view is enabled by default. Therefore, database queries may be performed during view rendering. Explicitly configure spring.jpa.open-in-view to disable this warning
2021-04-02 09:41:56,687 - Initializing ExecutorService 'applicationTaskExecutor'
2021-04-02 09:41:57,483 - Started ProductCategoryRepositoryTest in 4.477 seconds (JVM running for 5.512)
2021-04-02 09:41:58,185 - Shutting down ExecutorService 'applicationTaskExecutor'
2021-04-02 09:41:58,186 - Closing JPA EntityManagerFactory for persistence unit 'default'
2021-04-02 09:41:58,188 - HikariPool-1 - Shutdown initiated...
2021-04-02 09:41:58,192 - HikariPool-1 - Shutdown completed.
2021-04-02 10:46:07,840 - Starting ProductCategoryRepositoryTest using Java 1.8.0_131 on DESKTOP-D10RV2D with PID 14220 (started by Elwood in D:\Projects\sell)
2021-04-02 10:46:07,842 - No active profile set, falling back to default profiles: default
2021-04-02 10:46:08,316 - Bootstrapping Spring Data JPA repositories in DEFAULT mode.
2021-04-02 10:46:08,366 - Finished Spring Data repository scanning in 44 ms. Found 1 JPA repository interfaces.
2021-04-02 10:46:08,883 - HikariPool-1 - Starting...
2021-04-02 10:46:09,172 - HikariPool-1 - Driver does not support get/set network timeout for connections. (com.mysql.jdbc.JDBC4Connection.getNetworkTimeout()I)
2021-04-02 10:46:09,211 - HikariPool-1 - Start completed.
2021-04-02 10:46:09,334 - HHH000204: Processing PersistenceUnitInfo [name: default]
2021-04-02 10:46:09,390 - HHH000412: Hibernate ORM core version 5.4.29.Final
2021-04-02 10:46:09,508 - HCANN000001: Hibernate Commons Annotations {5.1.2.Final}
2021-04-02 10:46:09,828 - HHH000400: Using dialect: org.hibernate.dialect.MySQL57Dialect
2021-04-02 10:46:10,100 - HHH000182: No default (no-argument) constructor for class: com.chinalife.sell.dataobject.ProductCategory (class must be instantiated by Interceptor)
2021-04-02 10:46:10,297 - HHH000490: Using JtaPlatform implementation: [org.hibernate.engine.transaction.jta.platform.internal.NoJtaPlatform]
2021-04-02 10:46:10,305 - Initialized JPA EntityManagerFactory for persistence unit 'default'
2021-04-02 10:46:10,478 - spring.jpa.open-in-view is enabled by default. Therefore, database queries may be performed during view rendering. Explicitly configure spring.jpa.open-in-view to disable this warning
2021-04-02 10:46:10,677 - Initializing ExecutorService 'applicationTaskExecutor'
2021-04-02 10:46:11,163 - Started ProductCategoryRepositoryTest in 3.712 seconds (JVM running for 4.754)
2021-04-02 10:46:11,604 - Shutting down ExecutorService 'applicationTaskExecutor'
2021-04-02 10:46:11,605 - Closing JPA EntityManagerFactory for persistence unit 'default'
2021-04-02 10:46:11,606 - HikariPool-1 - Shutdown initiated...
2021-04-02 10:46:11,620 - HikariPool-1 - Shutdown completed.
2021-04-02 10:47:38,538 - Starting ProductCategoryRepositoryTest using Java 1.8.0_131 on DESKTOP-D10RV2D with PID 11804 (started by Elwood in D:\Projects\sell)
2021-04-02 10:47:38,541 - No active profile set, falling back to default profiles: default
2021-04-02 10:47:39,134 - Bootstrapping Spring Data JPA repositories in DEFAULT mode.
2021-04-02 10:47:39,187 - Finished Spring Data repository scanning in 45 ms. Found 1 JPA repository interfaces.
2021-04-02 10:47:39,588 - HikariPool-1 - Starting...
2021-04-02 10:47:39,867 - HikariPool-1 - Driver does not support get/set network timeout for connections. (com.mysql.jdbc.JDBC4Connection.getNetworkTimeout()I)
2021-04-02 10:47:39,897 - HikariPool-1 - Start completed.
2021-04-02 10:47:40,009 - HHH000204: Processing PersistenceUnitInfo [name: default]
2021-04-02 10:47:40,056 - HHH000412: Hibernate ORM core version 5.4.29.Final
2021-04-02 10:47:40,176 - HCANN000001: Hibernate Commons Annotations {5.1.2.Final}
2021-04-02 10:47:40,463 - HHH000400: Using dialect: org.hibernate.dialect.MySQL57Dialect
2021-04-02 10:47:40,757 - HHH000182: No default (no-argument) constructor for class: com.chinalife.sell.dataobject.ProductCategory (class must be instantiated by Interceptor)
2021-04-02 10:47:40,953 - HHH000490: Using JtaPlatform implementation: [org.hibernate.engine.transaction.jta.platform.internal.NoJtaPlatform]
2021-04-02 10:47:40,961 - Initialized JPA EntityManagerFactory for persistence unit 'default'
2021-04-02 10:47:41,133 - spring.jpa.open-in-view is enabled by default. Therefore, database queries may be performed during view rendering. Explicitly configure spring.jpa.open-in-view to disable this warning
2021-04-02 10:47:41,320 - Initializing ExecutorService 'applicationTaskExecutor'
2021-04-02 10:47:41,908 - Started ProductCategoryRepositoryTest in 3.738 seconds (JVM running for 4.867)
2021-04-02 10:47:42,457 - Shutting down ExecutorService 'applicationTaskExecutor'
2021-04-02 10:47:42,457 - Closing JPA EntityManagerFactory for persistence unit 'default'
2021-04-02 10:47:42,459 - HikariPool-1 - Shutdown initiated...
2021-04-02 10:47:42,461 - HikariPool-1 - Shutdown completed.
2021-04-02 10:49:48,192 - Starting ProductCategoryRepositoryTest using Java 1.8.0_131 on DESKTOP-D10RV2D with PID 8808 (started by Elwood in D:\Projects\sell)
2021-04-02 10:49:48,195 - No active profile set, falling back to default profiles: default
2021-04-02 10:49:48,868 - Bootstrapping Spring Data JPA repositories in DEFAULT mode.
2021-04-02 10:49:48,950 - Finished Spring Data repository scanning in 74 ms. Found 1 JPA repository interfaces.
2021-04-02 10:49:49,464 - HikariPool-1 - Starting...
2021-04-02 10:49:49,754 - HikariPool-1 - Driver does not support get/set network timeout for connections. (com.mysql.jdbc.JDBC4Connection.getNetworkTimeout()I)
2021-04-02 10:49:49,790 - HikariPool-1 - Start completed.
2021-04-02 10:49:49,942 - HHH000204: Processing PersistenceUnitInfo [name: default]
2021-04-02 10:49:50,032 - HHH000412: Hibernate ORM core version 5.4.29.Final
2021-04-02 10:49:50,244 - HCANN000001: Hibernate Commons Annotations {5.1.2.Final}
2021-04-02 10:49:50,608 - HHH000400: Using dialect: org.hibernate.dialect.MySQL57Dialect
2021-04-02 10:49:50,966 - HHH000182: No default (no-argument) constructor for class: com.chinalife.sell.dataobject.ProductCategory (class must be instantiated by Interceptor)
2021-04-02 10:49:51,181 - HHH000490: Using JtaPlatform implementation: [org.hibernate.engine.transaction.jta.platform.internal.NoJtaPlatform]
2021-04-02 10:49:51,189 - Initialized JPA EntityManagerFactory for persistence unit 'default'
2021-04-02 10:49:51,407 - spring.jpa.open-in-view is enabled by default. Therefore, database queries may be performed during view rendering. Explicitly configure spring.jpa.open-in-view to disable this warning
2021-04-02 10:49:51,709 - Initializing ExecutorService 'applicationTaskExecutor'
2021-04-02 10:49:52,705 - Started ProductCategoryRepositoryTest in 4.978 seconds (JVM running for 5.965)
2021-04-02 10:49:52,774 - Began transaction (1) for test context [DefaultTestContext@48bb62 testClass = ProductCategoryRepositoryTest, testInstance = com.chinalife.sell.repository.ProductCategoryRepositoryTest@41582899, testMethod = saveTest@ProductCategoryRepositoryTest, testException = [null], mergedContextConfiguration = [WebMergedContextConfiguration@353352b6 testClass = ProductCategoryRepositoryTest, locations = '{}', classes = '{class com.chinalife.sell.SellApplication}', contextInitializerClasses = '[]', activeProfiles = '{}', propertySourceLocations = '{}', propertySourceProperties = '{org.springframework.boot.test.context.SpringBootTestContextBootstrapper=true}', contextCustomizers = set[org.springframework.boot.test.context.filter.ExcludeFilterContextCustomizer@192d43ce, org.springframework.boot.test.json.DuplicateJsonObjectContextCustomizerFactory$DuplicateJsonObjectContextCustomizer@6973b51b, org.springframework.boot.test.mock.mockito.MockitoContextCustomizer@0, org.springframework.boot.test.web.client.TestRestTemplateContextCustomizer@8dbdac1, org.springframework.boot.test.autoconfigure.actuate.metrics.MetricsExportContextCustomizerFactory$DisableMetricExportContextCustomizer@47af7f3d, org.springframework.boot.test.autoconfigure.properties.PropertyMappingContextCustomizer@0, org.springframework.boot.test.autoconfigure.web.servlet.WebDriverContextCustomizerFactory$Customizer@1aa7ecca, org.springframework.boot.test.context.SpringBootTestArgs@1, org.springframework.boot.test.context.SpringBootTestWebEnvironment@2d6d8735], resourceBasePath = 'src/main/webapp', contextLoader = 'org.springframework.boot.test.context.SpringBootContextLoader', parent = [null]], attributes = map['org.springframework.test.context.web.ServletTestExecutionListener.activateListener' -> true, 'org.springframework.test.context.web.ServletTestExecutionListener.populatedRequestContextHolder' -> true, 'org.springframework.test.context.web.ServletTestExecutionListener.resetRequestContextHolder' -> true, 'org.springframework.test.context.event.ApplicationEventsTestExecutionListener.recordApplicationEvents' -> false]]; transaction manager [org.springframework.orm.jpa.JpaTransactionManager@13d289c7]; rollback [true]
2021-04-02 10:49:52,970 - Rolled back transaction for test: [DefaultTestContext@48bb62 testClass = ProductCategoryRepositoryTest, testInstance = com.chinalife.sell.repository.ProductCategoryRepositoryTest@41582899, testMethod = saveTest@ProductCategoryRepositoryTest, testException = [null], mergedContextConfiguration = [WebMergedContextConfiguration@353352b6 testClass = ProductCategoryRepositoryTest, locations = '{}', classes = '{class com.chinalife.sell.SellApplication}', contextInitializerClasses = '[]', activeProfiles = '{}', propertySourceLocations = '{}', propertySourceProperties = '{org.springframework.boot.test.context.SpringBootTestContextBootstrapper=true}', contextCustomizers = set[org.springframework.boot.test.context.filter.ExcludeFilterContextCustomizer@192d43ce, org.springframework.boot.test.json.DuplicateJsonObjectContextCustomizerFactory$DuplicateJsonObjectContextCustomizer@6973b51b, org.springframework.boot.test.mock.mockito.MockitoContextCustomizer@0, org.springframework.boot.test.web.client.TestRestTemplateContextCustomizer@8dbdac1, org.springframework.boot.test.autoconfigure.actuate.metrics.MetricsExportContextCustomizerFactory$DisableMetricExportContextCustomizer@47af7f3d, org.springframework.boot.test.autoconfigure.properties.PropertyMappingContextCustomizer@0, org.springframework.boot.test.autoconfigure.web.servlet.WebDriverContextCustomizerFactory$Customizer@1aa7ecca, org.springframework.boot.test.context.SpringBootTestArgs@1, org.springframework.boot.test.context.SpringBootTestWebEnvironment@2d6d8735], resourceBasePath = 'src/main/webapp', contextLoader = 'org.springframework.boot.test.context.SpringBootContextLoader', parent = [null]], attributes = map['org.springframework.test.context.web.ServletTestExecutionListener.activateListener' -> true, 'org.springframework.test.context.web.ServletTestExecutionListener.populatedRequestContextHolder' -> true, 'org.springframework.test.context.web.ServletTestExecutionListener.resetRequestContextHolder' -> true, 'org.springframework.test.context.event.ApplicationEventsTestExecutionListener.recordApplicationEvents' -> false]]
2021-04-02 10:49:53,319 - Shutting down ExecutorService 'applicationTaskExecutor'
2021-04-02 10:49:53,320 - Closing JPA EntityManagerFactory for persistence unit 'default'
2021-04-02 10:49:53,322 - HikariPool-1 - Shutdown initiated...
2021-04-02 10:49:53,368 - HikariPool-1 - Shutdown completed.
2021-04-02 10:57:35,781 - Starting ProductCategoryRepositoryTest using Java 1.8.0_131 on DESKTOP-D10RV2D with PID 6024 (started by Elwood in D:\Projects\sell)
2021-04-02 10:57:35,783 - No active profile set, falling back to default profiles: default
2021-04-02 10:57:36,252 - Bootstrapping Spring Data JPA repositories in DEFAULT mode.
2021-04-02 10:57:36,306 - Finished Spring Data repository scanning in 47 ms. Found 1 JPA repository interfaces.
2021-04-02 10:57:36,700 - HikariPool-1 - Starting...
2021-04-02 10:57:36,983 - HikariPool-1 - Driver does not support get/set network timeout for connections. (com.mysql.jdbc.JDBC4Connection.getNetworkTimeout()I)
2021-04-02 10:57:37,017 - HikariPool-1 - Start completed.
2021-04-02 10:57:37,137 - HHH000204: Processing PersistenceUnitInfo [name: default]
2021-04-02 10:57:37,183 - HHH000412: Hibernate ORM core version 5.4.29.Final
2021-04-02 10:57:37,301 - HCANN000001: Hibernate Commons Annotations {5.1.2.Final}
2021-04-02 10:57:37,591 - HHH000400: Using dialect: org.hibernate.dialect.MySQL57Dialect
2021-04-02 10:57:37,865 - HHH000182: No default (no-argument) constructor for class: com.chinalife.sell.dataobject.ProductCategory (class must be instantiated by Interceptor)
2021-04-02 10:57:38,060 - HHH000490: Using JtaPlatform implementation: [org.hibernate.engine.transaction.jta.platform.internal.NoJtaPlatform]
2021-04-02 10:57:38,069 - Initialized JPA EntityManagerFactory for persistence unit 'default'
2021-04-02 10:57:38,237 - spring.jpa.open-in-view is enabled by default. Therefore, database queries may be performed during view rendering. Explicitly configure spring.jpa.open-in-view to disable this warning
2021-04-02 10:57:38,428 - Initializing ExecutorService 'applicationTaskExecutor'
2021-04-02 10:57:39,020 - Started ProductCategoryRepositoryTest in 3.595 seconds (JVM running for 4.467)
2021-04-02 10:57:39,084 - Began transaction (1) for test context [DefaultTestContext@353352b6 testClass = ProductCategoryRepositoryTest, testInstance = com.chinalife.sell.repository.ProductCategoryRepositoryTest@6e948f1c, testMethod = saveTest@ProductCategoryRepositoryTest, testException = [null], mergedContextConfiguration = [WebMergedContextConfiguration@4681c175 testClass = ProductCategoryRepositoryTest, locations = '{}', classes = '{class com.chinalife.sell.SellApplication}', contextInitializerClasses = '[]', activeProfiles = '{}', propertySourceLocations = '{}', propertySourceProperties = '{org.springframework.boot.test.context.SpringBootTestContextBootstrapper=true}', contextCustomizers = set[org.springframework.boot.test.context.filter.ExcludeFilterContextCustomizer@72057ecf, org.springframework.boot.test.json.DuplicateJsonObjectContextCustomizerFactory$DuplicateJsonObjectContextCustomizer@1ab3a8c8, org.springframework.boot.test.mock.mockito.MockitoContextCustomizer@0, org.springframework.boot.test.web.client.TestRestTemplateContextCustomizer@6e20b53a, org.springframework.boot.test.autoconfigure.actuate.metrics.MetricsExportContextCustomizerFactory$DisableMetricExportContextCustomizer@7c729a55, org.springframework.boot.test.autoconfigure.properties.PropertyMappingContextCustomizer@0, org.springframework.boot.test.autoconfigure.web.servlet.WebDriverContextCustomizerFactory$Customizer@59309333, org.springframework.boot.test.context.SpringBootTestArgs@1, org.springframework.boot.test.context.SpringBootTestWebEnvironment@2d6d8735], resourceBasePath = 'src/main/webapp', contextLoader = 'org.springframework.boot.test.context.SpringBootContextLoader', parent = [null]], attributes = map['org.springframework.test.context.web.ServletTestExecutionListener.activateListener' -> true, 'org.springframework.test.context.web.ServletTestExecutionListener.populatedRequestContextHolder' -> true, 'org.springframework.test.context.web.ServletTestExecutionListener.resetRequestContextHolder' -> true, 'org.springframework.test.context.event.ApplicationEventsTestExecutionListener.recordApplicationEvents' -> false]]; transaction manager [org.springframework.orm.jpa.JpaTransactionManager@6704df84]; rollback [true]
2021-04-02 10:57:39,240 - Rolled back transaction for test: [DefaultTestContext@353352b6 testClass = ProductCategoryRepositoryTest, testInstance = com.chinalife.sell.repository.ProductCategoryRepositoryTest@6e948f1c, testMethod = saveTest@ProductCategoryRepositoryTest, testException = [null], mergedContextConfiguration = [WebMergedContextConfiguration@4681c175 testClass = ProductCategoryRepositoryTest, locations = '{}', classes = '{class com.chinalife.sell.SellApplication}', contextInitializerClasses = '[]', activeProfiles = '{}', propertySourceLocations = '{}', propertySourceProperties = '{org.springframework.boot.test.context.SpringBootTestContextBootstrapper=true}', contextCustomizers = set[org.springframework.boot.test.context.filter.ExcludeFilterContextCustomizer@72057ecf, org.springframework.boot.test.json.DuplicateJsonObjectContextCustomizerFactory$DuplicateJsonObjectContextCustomizer@1ab3a8c8, org.springframework.boot.test.mock.mockito.MockitoContextCustomizer@0, org.springframework.boot.test.web.client.TestRestTemplateContextCustomizer@6e20b53a, org.springframework.boot.test.autoconfigure.actuate.metrics.MetricsExportContextCustomizerFactory$DisableMetricExportContextCustomizer@7c729a55, org.springframework.boot.test.autoconfigure.properties.PropertyMappingContextCustomizer@0, org.springframework.boot.test.autoconfigure.web.servlet.WebDriverContextCustomizerFactory$Customizer@59309333, org.springframework.boot.test.context.SpringBootTestArgs@1, org.springframework.boot.test.context.SpringBootTestWebEnvironment@2d6d8735], resourceBasePath = 'src/main/webapp', contextLoader = 'org.springframework.boot.test.context.SpringBootContextLoader', parent = [null]], attributes = map['org.springframework.test.context.web.ServletTestExecutionListener.activateListener' -> true, 'org.springframework.test.context.web.ServletTestExecutionListener.populatedRequestContextHolder' -> true, 'org.springframework.test.context.web.ServletTestExecutionListener.resetRequestContextHolder' -> true, 'org.springframework.test.context.event.ApplicationEventsTestExecutionListener.recordApplicationEvents' -> false]]
2021-04-02 10:57:39,675 - Shutting down ExecutorService 'applicationTaskExecutor'
2021-04-02 10:57:39,675 - Closing JPA EntityManagerFactory for persistence unit 'default'
2021-04-02 10:57:39,678 - HikariPool-1 - Shutdown initiated...
2021-04-02 10:57:39,682 - HikariPool-1 - Shutdown completed.
2021-04-02 10:58:37,844 - Starting ProductCategoryRepositoryTest using Java 1.8.0_131 on DESKTOP-D10RV2D with PID 10964 (started by Elwood in D:\Projects\sell)
2021-04-02 10:58:37,845 - No active profile set, falling back to default profiles: default
2021-04-02 10:58:38,324 - Bootstrapping Spring Data JPA repositories in DEFAULT mode.
2021-04-02 10:58:38,375 - Finished Spring Data repository scanning in 43 ms. Found 1 JPA repository interfaces.
2021-04-02 10:58:38,869 - HikariPool-1 - Starting...
2021-04-02 10:58:39,254 - HikariPool-1 - Driver does not support get/set network timeout for connections. (com.mysql.jdbc.JDBC4Connection.getNetworkTimeout()I)
2021-04-02 10:58:39,281 - HikariPool-1 - Start completed.
2021-04-02 10:58:39,339 - HHH000204: Processing PersistenceUnitInfo [name: default]
2021-04-02 10:58:39,394 - HHH000412: Hibernate ORM core version 5.4.29.Final
2021-04-02 10:58:39,527 - HCANN000001: Hibernate Commons Annotations {5.1.2.Final}
2021-04-02 10:58:39,858 - HHH000400: Using dialect: org.hibernate.dialect.MySQL57Dialect
2021-04-02 10:58:40,382 - HHH000490: Using JtaPlatform implementation: [org.hibernate.engine.transaction.jta.platform.internal.NoJtaPlatform]
2021-04-02 10:58:40,392 - Initialized JPA EntityManagerFactory for persistence unit 'default'
2021-04-02 10:58:40,654 - spring.jpa.open-in-view is enabled by default. Therefore, database queries may be performed during view rendering. Explicitly configure spring.jpa.open-in-view to disable this warning
2021-04-02 10:58:40,915 - Initializing ExecutorService 'applicationTaskExecutor'
2021-04-02 10:58:41,621 - Started ProductCategoryRepositoryTest in 4.135 seconds (JVM running for 5.678)
2021-04-02 10:58:41,697 - Began transaction (1) for test context [DefaultTestContext@698122b2 testClass = ProductCategoryRepositoryTest, testInstance = com.chinalife.sell.repository.ProductCategoryRepositoryTest@619854a3, testMethod = saveTest@ProductCategoryRepositoryTest, testException = [null], mergedContextConfiguration = [WebMergedContextConfiguration@4212a0c8 testClass = ProductCategoryRepositoryTest, locations = '{}', classes = '{class com.chinalife.sell.SellApplication}', contextInitializerClasses = '[]', activeProfiles = '{}', propertySourceLocations = '{}', propertySourceProperties = '{org.springframework.boot.test.context.SpringBootTestContextBootstrapper=true}', contextCustomizers = set[org.springframework.boot.test.context.filter.ExcludeFilterContextCustomizer@28194a50, org.springframework.boot.test.json.DuplicateJsonObjectContextCustomizerFactory$DuplicateJsonObjectContextCustomizer@5038d0b5, org.springframework.boot.test.mock.mockito.MockitoContextCustomizer@0, org.springframework.boot.test.web.client.TestRestTemplateContextCustomizer@5852c06f, org.springframework.boot.test.autoconfigure.actuate.metrics.MetricsExportContextCustomizerFactory$DisableMetricExportContextCustomizer@17d919b6, org.springframework.boot.test.autoconfigure.properties.PropertyMappingContextCustomizer@0, org.springframework.boot.test.autoconfigure.web.servlet.WebDriverContextCustomizerFactory$Customizer@72d6b3ba, org.springframework.boot.test.context.SpringBootTestArgs@1, org.springframework.boot.test.context.SpringBootTestWebEnvironment@4524411f], resourceBasePath = 'src/main/webapp', contextLoader = 'org.springframework.boot.test.context.SpringBootContextLoader', parent = [null]], attributes = map['org.springframework.test.context.web.ServletTestExecutionListener.activateListener' -> true, 'org.springframework.test.context.web.ServletTestExecutionListener.populatedRequestContextHolder' -> true, 'org.springframework.test.context.web.ServletTestExecutionListener.resetRequestContextHolder' -> true, 'org.springframework.test.context.event.ApplicationEventsTestExecutionListener.recordApplicationEvents' -> false]]; transaction manager [org.springframework.orm.jpa.JpaTransactionManager@34e4fb39]; rollback [true]
2021-04-02 10:58:41,876 - Rolled back transaction for test: [DefaultTestContext@698122b2 testClass = ProductCategoryRepositoryTest, testInstance = com.chinalife.sell.repository.ProductCategoryRepositoryTest@619854a3, testMethod = saveTest@ProductCategoryRepositoryTest, testException = [null], mergedContextConfiguration = [WebMergedContextConfiguration@4212a0c8 testClass = ProductCategoryRepositoryTest, locations = '{}', classes = '{class com.chinalife.sell.SellApplication}', contextInitializerClasses = '[]', activeProfiles = '{}', propertySourceLocations = '{}', propertySourceProperties = '{org.springframework.boot.test.context.SpringBootTestContextBootstrapper=true}', contextCustomizers = set[org.springframework.boot.test.context.filter.ExcludeFilterContextCustomizer@28194a50, org.springframework.boot.test.json.DuplicateJsonObjectContextCustomizerFactory$DuplicateJsonObjectContextCustomizer@5038d0b5, org.springframework.boot.test.mock.mockito.MockitoContextCustomizer@0, org.springframework.boot.test.web.client.TestRestTemplateContextCustomizer@5852c06f, org.springframework.boot.test.autoconfigure.actuate.metrics.MetricsExportContextCustomizerFactory$DisableMetricExportContextCustomizer@17d919b6, org.springframework.boot.test.autoconfigure.properties.PropertyMappingContextCustomizer@0, org.springframework.boot.test.autoconfigure.web.servlet.WebDriverContextCustomizerFactory$Customizer@72d6b3ba, org.springframework.boot.test.context.SpringBootTestArgs@1, org.springframework.boot.test.context.SpringBootTestWebEnvironment@4524411f], resourceBasePath = 'src/main/webapp', contextLoader = 'org.springframework.boot.test.context.SpringBootContextLoader', parent = [null]], attributes = map['org.springframework.test.context.web.ServletTestExecutionListener.activateListener' -> true, 'org.springframework.test.context.web.ServletTestExecutionListener.populatedRequestContextHolder' -> true, 'org.springframework.test.context.web.ServletTestExecutionListener.resetRequestContextHolder' -> true, 'org.springframework.test.context.event.ApplicationEventsTestExecutionListener.recordApplicationEvents' -> false]]
2021-04-02 10:59:45,190 - HikariPool-1 - Thread starvation or clock leap detected (housekeeper delta=1m5s796ms875µs900ns).
2021-04-02 10:59:45,204 - Shutting down ExecutorService 'applicationTaskExecutor'
2021-04-02 10:59:45,204 - Closing JPA EntityManagerFactory for persistence unit 'default'
2021-04-02 10:59:45,206 - HikariPool-1 - Shutdown initiated...
2021-04-02 10:59:45,212 - HikariPool-1 - Shutdown completed.
2021-04-02 11:14:09,100 - Starting CategoryServiceImplTest using Java 1.8.0_131 on DESKTOP-D10RV2D with PID 2868 (started by Elwood in D:\Projects\sell)
2021-04-02 11:14:09,102 - No active profile set, falling back to default profiles: default
2021-04-02 11:14:09,631 - Bootstrapping Spring Data JPA repositories in DEFAULT mode.
2021-04-02 11:14:09,684 - Finished Spring Data repository scanning in 46 ms. Found 1 JPA repository interfaces.
2021-04-02 11:14:10,081 - HikariPool-1 - Starting...
2021-04-02 11:14:10,341 - HikariPool-1 - Driver does not support get/set network timeout for connections. (com.mysql.jdbc.JDBC4Connection.getNetworkTimeout()I)
2021-04-02 11:14:10,367 - HikariPool-1 - Start completed.
2021-04-02 11:14:10,471 - HHH000204: Processing PersistenceUnitInfo [name: default]
2021-04-02 11:14:10,521 - HHH000412: Hibernate ORM core version 5.4.29.Final
2021-04-02 11:14:10,656 - HCANN000001: Hibernate Commons Annotations {5.1.2.Final}
2021-04-02 11:14:10,970 - HHH000400: Using dialect: org.hibernate.dialect.MySQL57Dialect
2021-04-02 11:14:11,441 - HHH000490: Using JtaPlatform implementation: [org.hibernate.engine.transaction.jta.platform.internal.NoJtaPlatform]
2021-04-02 11:14:11,450 - Initialized JPA EntityManagerFactory for persistence unit 'default'
2021-04-02 11:14:11,966 - spring.jpa.open-in-view is enabled by default. Therefore, database queries may be performed during view rendering. Explicitly configure spring.jpa.open-in-view to disable this warning
2021-04-02 11:14:12,138 - Initializing ExecutorService 'applicationTaskExecutor'
2021-04-02 11:14:12,660 - Started CategoryServiceImplTest in 4.076 seconds (JVM running for 4.913)
2021-04-02 11:14:13,280 - Shutting down ExecutorService 'applicationTaskExecutor'
2021-04-02 11:14:13,281 - Closing JPA EntityManagerFactory for persistence unit 'default'
2021-04-02 11:14:13,288 - HikariPool-1 - Shutdown initiated...
2021-04-02 11:14:13,295 - HikariPool-1 - Shutdown completed.
2021-04-02 11:19:04,353 - Starting CategoryServiceImplTest using Java 1.8.0_131 on DESKTOP-D10RV2D with PID 10828 (started by Elwood in D:\Projects\sell)
2021-04-02 11:19:04,359 - No active profile set, falling back to default profiles: default
2021-04-02 11:19:04,934 - Bootstrapping Spring Data JPA repositories in DEFAULT mode.
2021-04-02 11:19:04,992 - Finished Spring Data repository scanning in 51 ms. Found 1 JPA repository interfaces.
2021-04-02 11:19:05,387 - HikariPool-1 - Starting...
2021-04-02 11:19:05,680 - HikariPool-1 - Driver does not support get/set network timeout for connections. (com.mysql.jdbc.JDBC4Connection.getNetworkTimeout()I)
2021-04-02 11:19:05,718 - HikariPool-1 - Start completed.
2021-04-02 11:19:05,854 - HHH000204: Processing PersistenceUnitInfo [name: default]
2021-04-02 11:19:05,905 - HHH000412: Hibernate ORM core version 5.4.29.Final
2021-04-02 11:19:06,021 - HCANN000001: Hibernate Commons Annotations {5.1.2.Final}
2021-04-02 11:19:06,308 - HHH000400: Using dialect: org.hibernate.dialect.MySQL57Dialect
2021-04-02 11:19:06,818 - HHH000490: Using JtaPlatform implementation: [org.hibernate.engine.transaction.jta.platform.internal.NoJtaPlatform]
2021-04-02 11:19:06,827 - Initialized JPA EntityManagerFactory for persistence unit 'default'
2021-04-02 11:19:07,336 - spring.jpa.open-in-view is enabled by default. Therefore, database queries may be performed during view rendering. Explicitly configure spring.jpa.open-in-view to disable this warning
2021-04-02 11:19:07,495 - Initializing ExecutorService 'applicationTaskExecutor'
2021-04-02 11:19:07,774 - Started CategoryServiceImplTest in 3.978 seconds (JVM running for 5.081)
2021-04-02 11:19:08,350 - Shutting down ExecutorService 'applicationTaskExecutor'
2021-04-02 11:19:08,350 - Closing JPA EntityManagerFactory for persistence unit 'default'
2021-04-02 11:19:08,351 - HikariPool-1 - Shutdown initiated...
2021-04-02 11:19:08,354 - HikariPool-1 - Shutdown completed.
2021-04-02 11:20:27,343 - Starting CategoryServiceImplTest using Java 1.8.0_131 on DESKTOP-D10RV2D with PID 6820 (started by Elwood in D:\Projects\sell)
2021-04-02 11:20:27,345 - No active profile set, falling back to default profiles: default
2021-04-02 11:20:27,820 - Bootstrapping Spring Data JPA repositories in DEFAULT mode.
2021-04-02 11:20:27,871 - Finished Spring Data repository scanning in 45 ms. Found 1 JPA repository interfaces.
2021-04-02 11:20:28,268 - HikariPool-1 - Starting...
2021-04-02 11:20:28,569 - HikariPool-1 - Driver does not support get/set network timeout for connections. (com.mysql.jdbc.JDBC4Connection.getNetworkTimeout()I)
2021-04-02 11:20:28,598 - HikariPool-1 - Start completed.
2021-04-02 11:20:28,694 - HHH000204: Processing PersistenceUnitInfo [name: default]
2021-04-02 11:20:28,746 - HHH000412: Hibernate ORM core version 5.4.29.Final
2021-04-02 11:20:28,875 - HCANN000001: Hibernate Commons Annotations {5.1.2.Final}
2021-04-02 11:20:29,163 - HHH000400: Using dialect: org.hibernate.dialect.MySQL57Dialect
2021-04-02 11:20:29,626 - HHH000490: Using JtaPlatform implementation: [org.hibernate.engine.transaction.jta.platform.internal.NoJtaPlatform]
2021-04-02 11:20:29,634 - Initialized JPA EntityManagerFactory for persistence unit 'default'
2021-04-02 11:20:30,104 - spring.jpa.open-in-view is enabled by default. Therefore, database queries may be performed during view rendering. Explicitly configure spring.jpa.open-in-view to disable this warning
2021-04-02 11:20:30,259 - Initializing ExecutorService 'applicationTaskExecutor'
2021-04-02 11:20:30,518 - Started CategoryServiceImplTest in 3.532 seconds (JVM running for 4.339)
2021-04-02 11:20:31,110 - Shutting down ExecutorService 'applicationTaskExecutor'
2021-04-02 11:20:31,111 - Closing JPA EntityManagerFactory for persistence unit 'default'
2021-04-02 11:20:31,113 - HikariPool-1 - Shutdown initiated...
2021-04-02 11:20:31,116 - HikariPool-1 - Shutdown completed.
2021-04-02 11:32:32,605 - Starting ProductInfoRepositoryTest using Java 1.8.0_131 on DESKTOP-D10RV2D with PID 8016 (started by Elwood in D:\Projects\sell)
2021-04-02 11:32:32,607 - No active profile set, falling back to default profiles: default
2021-04-02 11:32:33,147 - Bootstrapping Spring Data JPA repositories in DEFAULT mode.
2021-04-02 11:32:33,204 - Finished Spring Data repository scanning in 50 ms. Found 2 JPA repository interfaces.
2021-04-02 11:32:33,675 - HikariPool-1 - Starting...
2021-04-02 11:32:34,022 - HikariPool-1 - Driver does not support get/set network timeout for connections. (com.mysql.jdbc.JDBC4Connection.getNetworkTimeout()I)
2021-04-02 11:32:34,128 - HikariPool-1 - Start completed.
2021-04-02 11:32:34,187 - HHH000204: Processing PersistenceUnitInfo [name: default]
2021-04-02 11:32:34,233 - HHH000412: Hibernate ORM core version 5.4.29.Final
2021-04-02 11:32:34,363 - HCANN000001: Hibernate Commons Annotations {5.1.2.Final}
2021-04-02 11:32:34,683 - HHH000400: Using dialect: org.hibernate.dialect.MySQL57Dialect
2021-04-02 11:32:35,180 - HHH000490: Using JtaPlatform implementation: [org.hibernate.engine.transaction.jta.platform.internal.NoJtaPlatform]
2021-04-02 11:32:35,188 - Initialized JPA EntityManagerFactory for persistence unit 'default'
2021-04-02 11:32:35,738 - spring.jpa.open-in-view is enabled by default. Therefore, database queries may be performed during view rendering. Explicitly configure spring.jpa.open-in-view to disable this warning
2021-04-02 11:32:35,916 - Initializing ExecutorService 'applicationTaskExecutor'
2021-04-02 11:32:36,212 - Started ProductInfoRepositoryTest in 4.071 seconds (JVM running for 5.04)
2021-04-02 11:32:36,484 - SQL Error: 1366, SQLState: HY000
2021-04-02 11:32:36,580 - Shutting down ExecutorService 'applicationTaskExecutor'
2021-04-02 11:32:36,580 - Closing JPA EntityManagerFactory for persistence unit 'default'
2021-04-02 11:32:36,582 - HikariPool-1 - Shutdown initiated...
2021-04-02 11:32:36,585 - HikariPool-1 - Shutdown completed.
2021-04-02 11:35:43,066 - Starting ProductInfoRepositoryTest using Java 1.8.0_131 on DESKTOP-D10RV2D with PID 12424 (started by Elwood in D:\Projects\sell)
2021-04-02 11:35:43,068 - No active profile set, falling back to default profiles: default
2021-04-02 11:35:43,531 - Bootstrapping Spring Data JPA repositories in DEFAULT mode.
2021-04-02 11:35:43,587 - Finished Spring Data repository scanning in 48 ms. Found 2 JPA repository interfaces.
2021-04-02 11:35:43,986 - HikariPool-1 - Starting...
2021-04-02 11:35:44,245 - HikariPool-1 - Driver does not support get/set network timeout for connections. (com.mysql.jdbc.JDBC4Connection.getNetworkTimeout()I)
2021-04-02 11:35:44,281 - HikariPool-1 - Start completed.
2021-04-02 11:35:44,386 - HHH000204: Processing PersistenceUnitInfo [name: default]
2021-04-02 11:35:44,437 - HHH000412: Hibernate ORM core version 5.4.29.Final
2021-04-02 11:35:44,556 - HCANN000001: Hibernate Commons Annotations {5.1.2.Final}
2021-04-02 11:35:44,852 - HHH000400: Using dialect: org.hibernate.dialect.MySQL57Dialect
2021-04-02 11:35:45,330 - HHH000490: Using JtaPlatform implementation: [org.hibernate.engine.transaction.jta.platform.internal.NoJtaPlatform]
2021-04-02 11:35:45,339 - Initialized JPA EntityManagerFactory for persistence unit 'default'
2021-04-02 11:35:45,834 - spring.jpa.open-in-view is enabled by default. Therefore, database queries may be performed during view rendering. Explicitly configure spring.jpa.open-in-view to disable this warning
2021-04-02 11:35:46,007 - Initializing ExecutorService 'applicationTaskExecutor'
2021-04-02 11:35:46,300 - Started ProductInfoRepositoryTest in 3.586 seconds (JVM running for 4.424)
2021-04-02 11:35:46,545 - Shutting down ExecutorService 'applicationTaskExecutor'
2021-04-02 11:35:46,545 - Closing JPA EntityManagerFactory for persistence unit 'default'
2021-04-02 11:35:46,547 - HikariPool-1 - Shutdown initiated...
2021-04-02 11:35:46,561 - HikariPool-1 - Shutdown completed.
2021-04-02 11:37:00,935 - Starting ProductInfoRepositoryTest using Java 1.8.0_131 on DESKTOP-D10RV2D with PID 11548 (started by Elwood in D:\Projects\sell)
2021-04-02 11:37:00,937 - No active profile set, falling back to default profiles: default
2021-04-02 11:37:01,432 - Bootstrapping Spring Data JPA repositories in DEFAULT mode.
2021-04-02 11:37:01,490 - Finished Spring Data repository scanning in 43 ms. Found 2 JPA repository interfaces.
2021-04-02 11:37:01,883 - HikariPool-1 - Starting...
2021-04-02 11:37:02,141 - HikariPool-1 - Driver does not support get/set network timeout for connections. (com.mysql.jdbc.JDBC4Connection.getNetworkTimeout()I)
2021-04-02 11:37:02,171 - HikariPool-1 - Start completed.
2021-04-02 11:37:02,291 - HHH000204: Processing PersistenceUnitInfo [name: default]
2021-04-02 11:37:02,336 - HHH000412: Hibernate ORM core version 5.4.29.Final
2021-04-02 11:37:02,455 - HCANN000001: Hibernate Commons Annotations {5.1.2.Final}
2021-04-02 11:37:02,752 - HHH000400: Using dialect: org.hibernate.dialect.MySQL57Dialect
2021-04-02 11:37:03,226 - HHH000490: Using JtaPlatform implementation: [org.hibernate.engine.transaction.jta.platform.internal.NoJtaPlatform]
2021-04-02 11:37:03,234 - Initialized JPA EntityManagerFactory for persistence unit 'default'
2021-04-02 11:37:03,728 - spring.jpa.open-in-view is enabled by default. Therefore, database queries may be performed during view rendering. Explicitly configure spring.jpa.open-in-view to disable this warning
2021-04-02 11:37:03,893 - Initializing ExecutorService 'applicationTaskExecutor'
2021-04-02 11:37:04,193 - Started ProductInfoRepositoryTest in 3.621 seconds (JVM running for 4.445)
2021-04-02 11:37:04,436 - Shutting down ExecutorService 'applicationTaskExecutor'
2021-04-02 11:37:04,436 - Closing JPA EntityManagerFactory for persistence unit 'default'
2021-04-02 11:37:04,438 - HikariPool-1 - Shutdown initiated...
2021-04-02 11:37:04,440 - HikariPool-1 - Shutdown completed.
2021-04-02 11:38:24,347 - Starting ProductInfoRepositoryTest using Java 1.8.0_131 on DESKTOP-D10RV2D with PID 928 (started by Elwood in D:\Projects\sell)
2021-04-02 11:38:24,350 - No active profile set, falling back to default profiles: default
2021-04-02 11:38:24,835 - Bootstrapping Spring Data JPA repositories in DEFAULT mode.
2021-04-02 11:38:24,884 - Finished Spring Data repository scanning in 41 ms. Found 2 JPA repository interfaces.
2021-04-02 11:38:25,301 - HikariPool-1 - Starting...
2021-04-02 11:38:25,566 - HikariPool-1 - Driver does not support get/set network timeout for connections. (com.mysql.jdbc.JDBC4Connection.getNetworkTimeout()I)
2021-04-02 11:38:25,595 - HikariPool-1 - Start completed.
2021-04-02 11:38:25,680 - HHH000204: Processing PersistenceUnitInfo [name: default]
2021-04-02 11:38:25,725 - HHH000412: Hibernate ORM core version 5.4.29.Final
2021-04-02 11:38:25,841 - HCANN000001: Hibernate Commons Annotations {5.1.2.Final}
2021-04-02 11:38:26,143 - HHH000400: Using dialect: org.hibernate.dialect.MySQL57Dialect
2021-04-02 11:38:26,610 - HHH000490: Using JtaPlatform implementation: [org.hibernate.engine.transaction.jta.platform.internal.NoJtaPlatform]
2021-04-02 11:38:26,619 - Initialized JPA EntityManagerFactory for persistence unit 'default'
2021-04-02 11:38:27,109 - spring.jpa.open-in-view is enabled by default. Therefore, database queries may be performed during view rendering. Explicitly configure spring.jpa.open-in-view to disable this warning
2021-04-02 11:38:27,278 - Initializing ExecutorService 'applicationTaskExecutor'
2021-04-02 11:38:27,583 - Started ProductInfoRepositoryTest in 3.562 seconds (JVM running for 4.454)
2021-04-02 11:38:28,118 - Shutting down ExecutorService 'applicationTaskExecutor'
2021-04-02 11:38:28,118 - Closing JPA EntityManagerFactory for persistence unit 'default'
2021-04-02 11:38:28,120 - HikariPool-1 - Shutdown initiated...
2021-04-02 11:38:28,123 - HikariPool-1 - Shutdown completed.
2021-04-02 14:16:41,853 - Starting ProductServiceImplTest using Java 1.8.0_131 on DESKTOP-D10RV2D with PID 10104 (started by Elwood in D:\Projects\sell)
2021-04-02 14:16:41,855 - No active profile set, falling back to default profiles: default
2021-04-02 14:16:42,353 - Bootstrapping Spring Data JPA repositories in DEFAULT mode.
2021-04-02 14:16:42,419 - Finished Spring Data repository scanning in 58 ms. Found 2 JPA repository interfaces.
2021-04-02 14:16:42,870 - HikariPool-1 - Starting...
2021-04-02 14:16:43,278 - HikariPool-1 - Driver does not support get/set network timeout for connections. (com.mysql.jdbc.JDBC4Connection.getNetworkTimeout()I)
2021-04-02 14:16:43,375 - HikariPool-1 - Start completed.
2021-04-02 14:16:43,477 - HHH000204: Processing PersistenceUnitInfo [name: default]
2021-04-02 14:16:43,662 - HHH000412: Hibernate ORM core version 5.4.29.Final
2021-04-02 14:16:44,054 - HCANN000001: Hibernate Commons Annotations {5.1.2.Final}
2021-04-02 14:16:44,431 - HHH000400: Using dialect: org.hibernate.dialect.MySQL57Dialect
2021-04-02 14:16:45,048 - HHH000490: Using JtaPlatform implementation: [org.hibernate.engine.transaction.jta.platform.internal.NoJtaPlatform]
2021-04-02 14:16:45,057 - Initialized JPA EntityManagerFactory for persistence unit 'default'
2021-04-02 14:16:45,616 - spring.jpa.open-in-view is enabled by default. Therefore, database queries may be performed during view rendering. Explicitly configure spring.jpa.open-in-view to disable this warning
2021-04-02 14:16:45,781 - Initializing ExecutorService 'applicationTaskExecutor'
2021-04-02 14:16:46,065 - Started ProductServiceImplTest in 4.609 seconds (JVM running for 5.492)
2021-04-02 14:16:46,491 - Shutting down ExecutorService 'applicationTaskExecutor'
2021-04-02 14:16:46,493 - Closing JPA EntityManagerFactory for persistence unit 'default'
2021-04-02 14:16:46,497 - HikariPool-1 - Shutdown initiated...
2021-04-02 14:16:46,503 - HikariPool-1 - Shutdown completed.
2021-04-02 14:17:02,085 - Starting ProductServiceImplTest using Java 1.8.0_131 on DESKTOP-D10RV2D with PID 10816 (started by Elwood in D:\Projects\sell)
2021-04-02 14:17:02,087 - No active profile set, falling back to default profiles: default
2021-04-02 14:17:02,567 - Bootstrapping Spring Data JPA repositories in DEFAULT mode.
2021-04-02 14:17:02,625 - Finished Spring Data repository scanning in 51 ms. Found 2 JPA repository interfaces.
2021-04-02 14:17:03,029 - HikariPool-1 - Starting...
2021-04-02 14:17:03,333 - HikariPool-1 - Driver does not support get/set network timeout for connections. (com.mysql.jdbc.JDBC4Connection.getNetworkTimeout()I)
2021-04-02 14:17:03,418 - HikariPool-1 - Start completed.
2021-04-02 14:17:03,466 - HHH000204: Processing PersistenceUnitInfo [name: default]
2021-04-02 14:17:03,514 - HHH000412: Hibernate ORM core version 5.4.29.Final
2021-04-02 14:17:03,636 - HCANN000001: Hibernate Commons Annotations {5.1.2.Final}
2021-04-02 14:17:03,932 - HHH000400: Using dialect: org.hibernate.dialect.MySQL57Dialect
2021-04-02 14:17:04,408 - HHH000490: Using JtaPlatform implementation: [org.hibernate.engine.transaction.jta.platform.internal.NoJtaPlatform]
2021-04-02 14:17:04,417 - Initialized JPA EntityManagerFactory for persistence unit 'default'
2021-04-02 14:17:04,956 - spring.jpa.open-in-view is enabled by default. Therefore, database queries may be performed during view rendering. Explicitly configure spring.jpa.open-in-view to disable this warning
2021-04-02 14:17:05,119 - Initializing ExecutorService 'applicationTaskExecutor'
2021-04-02 14:17:05,409 - Started ProductServiceImplTest in 3.675 seconds (JVM running for 4.498)
2021-04-02 14:17:05,789 - Shutting down ExecutorService 'applicationTaskExecutor'
2021-04-02 14:17:05,790 - Closing JPA EntityManagerFactory for persistence unit 'default'
2021-04-02 14:17:05,791 - HikariPool-1 - Shutdown initiated...
2021-04-02 14:17:05,795 - HikariPool-1 - Shutdown completed.
2021-04-02 14:17:31,029 - Starting ProductServiceImplTest using Java 1.8.0_131 on DESKTOP-D10RV2D with PID 8732 (started by Elwood in D:\Projects\sell)
2021-04-02 14:17:31,031 - No active profile set, falling back to default profiles: default
2021-04-02 14:17:31,518 - Bootstrapping Spring Data JPA repositories in DEFAULT mode.
2021-04-02 14:17:31,579 - Finished Spring Data repository scanning in 53 ms. Found 2 JPA repository interfaces.
2021-04-02 14:17:32,043 - HikariPool-1 - Starting...
2021-04-02 14:17:32,600 - HikariPool-1 - Driver does not support get/set network timeout for connections. (com.mysql.jdbc.JDBC4Connection.getNetworkTimeout()I)
2021-04-02 14:17:32,634 - HikariPool-1 - Start completed.
2021-04-02 14:17:32,686 - HHH000204: Processing PersistenceUnitInfo [name: default]
2021-04-02 14:17:32,737 - HHH000412: Hibernate ORM core version 5.4.29.Final
2021-04-02 14:17:32,864 - HCANN000001: Hibernate Commons Annotations {5.1.2.Final}
2021-04-02 14:17:33,273 - HHH000400: Using dialect: org.hibernate.dialect.MySQL57Dialect
2021-04-02 14:17:33,817 - HHH000490: Using JtaPlatform implementation: [org.hibernate.engine.transaction.jta.platform.internal.NoJtaPlatform]
2021-04-02 14:17:33,826 - Initialized JPA EntityManagerFactory for persistence unit 'default'
2021-04-02 14:17:34,518 - spring.jpa.open-in-view is enabled by default. Therefore, database queries may be performed during view rendering. Explicitly configure spring.jpa.open-in-view to disable this warning
2021-04-02 14:17:34,732 - Initializing ExecutorService 'applicationTaskExecutor'
2021-04-02 14:17:35,185 - Started ProductServiceImplTest in 4.541 seconds (JVM running for 5.661)
2021-04-02 14:18:39,070 - Starting ProductServiceImplTest using Java 1.8.0_131 on DESKTOP-D10RV2D with PID 9688 (started by Elwood in D:\Projects\sell)
2021-04-02 14:18:39,074 - No active profile set, falling back to default profiles: default
2021-04-02 14:18:39,746 - Bootstrapping Spring Data JPA repositories in DEFAULT mode.
2021-04-02 14:18:39,825 - Finished Spring Data repository scanning in 70 ms. Found 2 JPA repository interfaces.
2021-04-02 14:18:40,376 - HikariPool-1 - Starting...
2021-04-02 14:18:40,690 - HikariPool-1 - Driver does not support get/set network timeout for connections. (com.mysql.jdbc.JDBC4Connection.getNetworkTimeout()I)
2021-04-02 14:18:40,776 - HikariPool-1 - Start completed.
2021-04-02 14:18:40,827 - HHH000204: Processing PersistenceUnitInfo [name: default]
2021-04-02 14:18:40,879 - HHH000412: Hibernate ORM core version 5.4.29.Final
2021-04-02 14:18:41,005 - HCANN000001: Hibernate Commons Annotations {5.1.2.Final}
2021-04-02 14:18:41,333 - HHH000400: Using dialect: org.hibernate.dialect.MySQL57Dialect
2021-04-02 14:18:41,876 - HHH000490: Using JtaPlatform implementation: [org.hibernate.engine.transaction.jta.platform.internal.NoJtaPlatform]
2021-04-02 14:18:41,887 - Initialized JPA EntityManagerFactory for persistence unit 'default'
2021-04-02 14:18:42,536 - spring.jpa.open-in-view is enabled by default. Therefore, database queries may be performed during view rendering. Explicitly configure spring.jpa.open-in-view to disable this warning
2021-04-02 14:18:42,741 - Initializing ExecutorService 'applicationTaskExecutor'
2021-04-02 14:18:43,083 - Started ProductServiceImplTest in 4.614 seconds (JVM running for 6.115)
2021-04-02 14:18:43,365 - Shutting down ExecutorService 'applicationTaskExecutor'
2021-04-02 14:18:43,366 - Closing JPA EntityManagerFactory for persistence unit 'default'
2021-04-02 14:18:43,367 - HikariPool-1 - Shutdown initiated...
2021-04-02 14:18:43,373 - HikariPool-1 - Shutdown completed.
2021-04-02 14:27:34,681 - HikariPool-1 - Thread starvation or clock leap detected (housekeeper delta=10m1s939ms839µs500ns).
2021-04-02 14:27:34,698 - Shutting down ExecutorService 'applicationTaskExecutor'
2021-04-02 14:27:34,699 - Closing JPA EntityManagerFactory for persistence unit 'default'
2021-04-02 14:27:34,700 - HikariPool-1 - Shutdown initiated...
2021-04-02 14:27:34,703 - HikariPool-1 - Shutdown completed.
2021-04-02 14:27:40,335 - Starting ProductServiceImplTest using Java 1.8.0_131 on DESKTOP-D10RV2D with PID 6784 (started by Elwood in D:\Projects\sell)
2021-04-02 14:27:40,337 - No active profile set, falling back to default profiles: default
2021-04-02 14:27:41,012 - Bootstrapping Spring Data JPA repositories in DEFAULT mode.
2021-04-02 14:27:41,092 - Finished Spring Data repository scanning in 59 ms. Found 2 JPA repository interfaces.
2021-04-02 14:27:41,559 - HikariPool-1 - Starting...
2021-04-02 14:27:41,894 - HikariPool-1 - Driver does not support get/set network timeout for connections. (com.mysql.jdbc.JDBC4Connection.getNetworkTimeout()I)
2021-04-02 14:27:41,927 - HikariPool-1 - Start completed.
2021-04-02 14:27:41,976 - HHH000204: Processing PersistenceUnitInfo [name: default]
2021-04-02 14:27:42,023 - HHH000412: Hibernate ORM core version 5.4.29.Final
2021-04-02 14:27:42,145 - HCANN000001: Hibernate Commons Annotations {5.1.2.Final}
2021-04-02 14:27:42,440 - HHH000400: Using dialect: org.hibernate.dialect.MySQL57Dialect
2021-04-02 14:27:42,923 - HHH000490: Using JtaPlatform implementation: [org.hibernate.engine.transaction.jta.platform.internal.NoJtaPlatform]
2021-04-02 14:27:42,931 - Initialized JPA EntityManagerFactory for persistence unit 'default'
2021-04-02 14:27:43,551 - spring.jpa.open-in-view is enabled by default. Therefore, database queries may be performed during view rendering. Explicitly configure spring.jpa.open-in-view to disable this warning
2021-04-02 14:27:43,721 - Initializing ExecutorService 'applicationTaskExecutor'
2021-04-02 14:27:44,029 - Started ProductServiceImplTest in 4.141 seconds (JVM running for 5.206)
2021-04-02 14:27:44,360 - Shutting down ExecutorService 'applicationTaskExecutor'
2021-04-02 14:27:44,361 - Closing JPA EntityManagerFactory for persistence unit 'default'
2021-04-02 14:27:44,363 - HikariPool-1 - Shutdown initiated...
2021-04-02 14:27:44,366 - HikariPool-1 - Shutdown completed.
2021-04-02 14:27:53,418 - Starting ProductServiceImplTest using Java 1.8.0_131 on DESKTOP-D10RV2D with PID 12448 (started by Elwood in D:\Projects\sell)
2021-04-02 14:27:53,420 - No active profile set, falling back to default profiles: default
2021-04-02 14:27:54,026 - Bootstrapping Spring Data JPA repositories in DEFAULT mode.
2021-04-02 14:27:54,089 - Finished Spring Data repository scanning in 55 ms. Found 2 JPA repository interfaces.
2021-04-02 14:27:54,573 - HikariPool-1 - Starting...
2021-04-02 14:27:54,883 - HikariPool-1 - Driver does not support get/set network timeout for connections. (com.mysql.jdbc.JDBC4Connection.getNetworkTimeout()I)
2021-04-02 14:27:54,912 - HikariPool-1 - Start completed.
2021-04-02 14:27:54,970 - HHH000204: Processing PersistenceUnitInfo [name: default]
2021-04-02 14:27:55,020 - HHH000412: Hibernate ORM core version 5.4.29.Final
2021-04-02 14:27:55,144 - HCANN000001: Hibernate Commons Annotations {5.1.2.Final}
2021-04-02 14:27:55,484 - HHH000400: Using dialect: org.hibernate.dialect.MySQL57Dialect
2021-04-02 14:27:56,001 - HHH000490: Using JtaPlatform implementation: [org.hibernate.engine.transaction.jta.platform.internal.NoJtaPlatform]
2021-04-02 14:27:56,010 - Initialized JPA EntityManagerFactory for persistence unit 'default'
2021-04-02 14:27:56,581 - spring.jpa.open-in-view is enabled by default. Therefore, database queries may be performed during view rendering. Explicitly configure spring.jpa.open-in-view to disable this warning
2021-04-02 14:27:56,772 - Initializing ExecutorService 'applicationTaskExecutor'
2021-04-02 14:27:57,091 - Started ProductServiceImplTest in 4.126 seconds (JVM running for 5.077)
2021-04-02 14:27:57,370 - Shutting down ExecutorService 'applicationTaskExecutor'
2021-04-02 14:27:57,370 - Closing JPA EntityManagerFactory for persistence unit 'default'
2021-04-02 14:27:57,371 - HikariPool-1 - Shutdown initiated...
2021-04-02 14:27:57,375 - HikariPool-1 - Shutdown completed.
2021-04-02 14:28:19,359 - Starting SellApplication using Java 1.8.0_131 on DESKTOP-D10RV2D with PID 11432 (D:\Projects\sell\target\classes started by Elwood in D:\Projects\sell)
2021-04-02 14:28:19,360 - No active profile set, falling back to default profiles: default
2021-04-02 14:28:19,800 - Bootstrapping Spring Data JPA repositories in DEFAULT mode.
2021-04-02 14:28:19,843 - Finished Spring Data repository scanning in 37 ms. Found 2 JPA repository interfaces.
2021-04-02 14:28:20,275 - Tomcat initialized with port(s): 8080 (http)
2021-04-02 14:28:20,290 - Initializing ProtocolHandler ["http-nio-8080"]
2021-04-02 14:28:20,291 - Starting service [Tomcat]
2021-04-02 14:28:20,291 - Starting Servlet engine: [Apache Tomcat/9.0.44]
2021-04-02 14:28:20,389 - Initializing Spring embedded WebApplicationContext
2021-04-02 14:28:20,389 - Root WebApplicationContext: initialization completed in 999 ms
2021-04-02 14:28:20,480 - HikariPool-1 - Starting...
2021-04-02 14:28:20,694 - HikariPool-1 - Driver does not support get/set network timeout for connections. (com.mysql.jdbc.JDBC4Connection.getNetworkTimeout()I)
2021-04-02 14:28:20,721 - HikariPool-1 - Start completed.
2021-04-02 14:28:20,749 - HHH000204: Processing PersistenceUnitInfo [name: default]
2021-04-02 14:28:20,778 - HHH000412: Hibernate ORM core version 5.4.29.Final
2021-04-02 14:28:20,920 - HCANN000001: Hibernate Commons Annotations {5.1.2.Final}
2021-04-02 14:28:20,993 - HHH000400: Using dialect: org.hibernate.dialect.MySQL57Dialect
2021-04-02 14:28:21,306 - HHH000490: Using JtaPlatform implementation: [org.hibernate.engine.transaction.jta.platform.internal.NoJtaPlatform]
2021-04-02 14:28:21,316 - Initialized JPA EntityManagerFactory for persistence unit 'default'
2021-04-02 14:28:21,545 - spring.jpa.open-in-view is enabled by default. Therefore, database queries may be performed during view rendering. Explicitly configure spring.jpa.open-in-view to disable this warning
2021-04-02 14:28:21,604 - Initializing ExecutorService 'applicationTaskExecutor'
2021-04-02 14:28:21,717 - Starting ProtocolHandler ["http-nio-8080"]
2021-04-02 14:28:21,740 - Tomcat started on port(s): 8080 (http) with context path '/sell'
2021-04-02 14:28:21,748 - Started SellApplication in 2.704 seconds (JVM running for 3.266)
2021-04-02 14:29:27,501 - Initializing Spring DispatcherServlet 'dispatcherServlet'
2021-04-02 14:29:27,501 - Initializing Servlet 'dispatcherServlet'
2021-04-02 14:29:27,502 - Completed initialization in 1 ms
2021-04-02 14:30:42,532 - Starting SellApplication using Java 1.8.0_131 on DESKTOP-D10RV2D with PID 3532 (D:\Projects\sell\target\classes started by Elwood in D:\Projects\sell)
2021-04-02 14:30:42,534 - No active profile set, falling back to default profiles: default
2021-04-02 14:30:43,049 - Bootstrapping Spring Data JPA repositories in DEFAULT mode.
2021-04-02 14:30:43,090 - Finished Spring Data repository scanning in 35 ms. Found 2 JPA repository interfaces.
2021-04-02 14:30:43,380 - Tomcat initialized with port(s): 8080 (http)
2021-04-02 14:30:43,386 - Initializing ProtocolHandler ["http-nio-8080"]
2021-04-02 14:30:43,386 - Starting service [Tomcat]
2021-04-02 14:30:43,386 - Starting Servlet engine: [Apache Tomcat/9.0.44]
2021-04-02 14:30:43,456 - Initializing Spring embedded WebApplicationContext
2021-04-02 14:30:43,456 - Root WebApplicationContext: initialization completed in 887 ms
2021-04-02 14:30:43,544 - HikariPool-1 - Starting...
2021-04-02 14:30:43,761 - HikariPool-1 - Driver does not support get/set network timeout for connections. (com.mysql.jdbc.JDBC4Connection.getNetworkTimeout()I)
2021-04-02 14:30:43,793 - HikariPool-1 - Start completed.
2021-04-02 14:30:43,825 - HHH000204: Processing PersistenceUnitInfo [name: default]
2021-04-02 14:30:43,863 - HHH000412: Hibernate ORM core version 5.4.29.Final
2021-04-02 14:30:44,003 - HCANN000001: Hibernate Commons Annotations {5.1.2.Final}
2021-04-02 14:30:44,074 - HHH000400: Using dialect: org.hibernate.dialect.MySQL57Dialect
2021-04-02 14:30:44,386 - HHH000490: Using JtaPlatform implementation: [org.hibernate.engine.transaction.jta.platform.internal.NoJtaPlatform]
2021-04-02 14:30:44,393 - Initialized JPA EntityManagerFactory for persistence unit 'default'
2021-04-02 14:30:44,621 - spring.jpa.open-in-view is enabled by default. Therefore, database queries may be performed during view rendering. Explicitly configure spring.jpa.open-in-view to disable this warning
2021-04-02 14:30:44,686 - Initializing ExecutorService 'applicationTaskExecutor'
2021-04-02 14:30:44,807 - Starting ProtocolHandler ["http-nio-8080"]
2021-04-02 14:30:44,820 - Tomcat started on port(s): 8080 (http) with context path '/sell'
2021-04-02 14:30:44,826 - Started SellApplication in 2.62 seconds (JVM running for 3.243)
2021-04-02 14:30:44,876 - Initializing Spring DispatcherServlet 'dispatcherServlet'
2021-04-02 14:30:44,876 - Initializing Servlet 'dispatcherServlet'
2021-04-02 14:30:44,877 - Completed initialization in 1 ms
2021-04-02 14:41:43,299 - Starting SellApplication using Java 1.8.0_131 on DESKTOP-D10RV2D with PID 820 (D:\Projects\sell\target\classes started by Elwood in D:\Projects\sell)
2021-04-02 14:41:43,301 - No active profile set, falling back to default profiles: default
2021-04-02 14:41:43,777 - Bootstrapping Spring Data JPA repositories in DEFAULT mode.
2021-04-02 14:41:43,820 - Finished Spring Data repository scanning in 37 ms. Found 2 JPA repository interfaces.
2021-04-02 14:41:44,130 - Tomcat initialized with port(s): 8080 (http)
2021-04-02 14:41:44,136 - Initializing ProtocolHandler ["http-nio-8080"]
2021-04-02 14:41:44,136 - Starting service [Tomcat]
2021-04-02 14:41:44,136 - Starting Servlet engine: [Apache Tomcat/9.0.44]
2021-04-02 14:41:44,207 - Initializing Spring embedded WebApplicationContext
2021-04-02 14:41:44,207 - Root WebApplicationContext: initialization completed in 876 ms
2021-04-02 14:41:44,298 - HikariPool-1 - Starting...
2021-04-02 14:41:44,499 - HikariPool-1 - Driver does not support get/set network timeout for connections. (com.mysql.jdbc.JDBC4Connection.getNetworkTimeout()I)
2021-04-02 14:41:44,525 - HikariPool-1 - Start completed.
2021-04-02 14:41:44,557 - HHH000204: Processing PersistenceUnitInfo [name: default]
2021-04-02 14:41:44,595 - HHH000412: Hibernate ORM core version 5.4.29.Final
2021-04-02 14:41:44,731 - HCANN000001: Hibernate Commons Annotations {5.1.2.Final}
2021-04-02 14:41:44,804 - HHH000400: Using dialect: org.hibernate.dialect.MySQL57Dialect
2021-04-02 14:41:45,116 - HHH000490: Using JtaPlatform implementation: [org.hibernate.engine.transaction.jta.platform.internal.NoJtaPlatform]
2021-04-02 14:41:45,124 - Initialized JPA EntityManagerFactory for persistence unit 'default'
2021-04-02 14:41:45,353 - spring.jpa.open-in-view is enabled by default. Therefore, database queries may be performed during view rendering. Explicitly configure spring.jpa.open-in-view to disable this warning
2021-04-02 14:41:45,419 - Initializing ExecutorService 'applicationTaskExecutor'
2021-04-02 14:41:45,546 - Starting ProtocolHandler ["http-nio-8080"]
2021-04-02 14:41:45,558 - Tomcat started on port(s): 8080 (http) with context path '/sell'
2021-04-02 14:41:45,566 - Started SellApplication in 2.605 seconds (JVM running for 3.188)
2021-04-02 14:41:45,688 - Initializing Spring DispatcherServlet 'dispatcherServlet'
2021-04-02 14:41:45,688 - Initializing Servlet 'dispatcherServlet'
2021-04-02 14:41:45,689 - Completed initialization in 1 ms
2021-04-02 14:45:25,380 - Starting SellApplication using Java 1.8.0_131 on DESKTOP-D10RV2D with PID 13188 (D:\Projects\sell\target\classes started by Elwood in D:\Projects\sell)
2021-04-02 14:45:25,382 - No active profile set, falling back to default profiles: default
2021-04-02 14:45:25,823 - Bootstrapping Spring Data JPA repositories in DEFAULT mode.
2021-04-02 14:45:25,865 - Finished Spring Data repository scanning in 35 ms. Found 2 JPA repository interfaces.
2021-04-02 14:45:26,163 - Tomcat initialized with port(s): 8080 (http)
2021-04-02 14:45:26,169 - Initializing ProtocolHandler ["http-nio-8080"]
2021-04-02 14:45:26,169 - Starting service [Tomcat]
2021-04-02 14:45:26,169 - Starting Servlet engine: [Apache Tomcat/9.0.44]
2021-04-02 14:45:26,240 - Initializing Spring embedded WebApplicationContext
2021-04-02 14:45:26,240 - Root WebApplicationContext: initialization completed in 828 ms
2021-04-02 14:45:26,330 - HikariPool-1 - Starting...
2021-04-02 14:45:26,532 - HikariPool-1 - Driver does not support get/set network timeout for connections. (com.mysql.jdbc.JDBC4Connection.getNetworkTimeout()I)
2021-04-02 14:45:26,568 - HikariPool-1 - Start completed.
2021-04-02 14:45:26,611 - HHH000204: Processing PersistenceUnitInfo [name: default]
2021-04-02 14:45:26,651 - HHH000412: Hibernate ORM core version 5.4.29.Final
2021-04-02 14:45:26,785 - HCANN000001: Hibernate Commons Annotations {5.1.2.Final}
2021-04-02 14:45:26,857 - HHH000400: Using dialect: org.hibernate.dialect.MySQL57Dialect
2021-04-02 14:45:27,169 - HHH000490: Using JtaPlatform implementation: [org.hibernate.engine.transaction.jta.platform.internal.NoJtaPlatform]
2021-04-02 14:45:27,177 - Initialized JPA EntityManagerFactory for persistence unit 'default'
2021-04-02 14:45:27,405 - spring.jpa.open-in-view is enabled by default. Therefore, database queries may be performed during view rendering. Explicitly configure spring.jpa.open-in-view to disable this warning
2021-04-02 14:45:27,471 - Initializing ExecutorService 'applicationTaskExecutor'
2021-04-02 14:45:27,597 - Starting ProtocolHandler ["http-nio-8080"]
2021-04-02 14:45:27,610 - Tomcat started on port(s): 8080 (http) with context path '/sell'
2021-04-02 14:45:27,616 - Started SellApplication in 2.559 seconds (JVM running for 3.137)
2021-04-02 14:45:27,716 - Initializing Spring DispatcherServlet 'dispatcherServlet'
2021-04-02 14:45:27,716 - Initializing Servlet 'dispatcherServlet'
2021-04-02 14:45:27,716 - Completed initialization in 0 ms
2021-04-02 14:46:03,586 - Starting SellApplication using Java 1.8.0_131 on DESKTOP-D10RV2D with PID 2952 (D:\Projects\sell\target\classes started by Elwood in D:\Projects\sell)
2021-04-02 14:46:03,588 - No active profile set, falling back to default profiles: default
2021-04-02 14:46:04,067 - Bootstrapping Spring Data JPA repositories in DEFAULT mode.
2021-04-02 14:46:04,110 - Finished Spring Data repository scanning in 35 ms. Found 2 JPA repository interfaces.
2021-04-02 14:46:04,489 - Tomcat initialized with port(s): 8080 (http)
2021-04-02 14:46:04,496 - Initializing ProtocolHandler ["http-nio-8080"]
2021-04-02 14:46:04,497 - Starting service [Tomcat]
2021-04-02 14:46:04,497 - Starting Servlet engine: [Apache Tomcat/9.0.44]
2021-04-02 14:46:04,587 - Initializing Spring embedded WebApplicationContext
2021-04-02 14:46:04,587 - Root WebApplicationContext: initialization completed in 969 ms
2021-04-02 14:46:04,706 - HikariPool-1 - Starting...
2021-04-02 14:46:04,964 - HikariPool-1 - Driver does not support get/set network timeout for connections. (com.mysql.jdbc.JDBC4Connection.getNetworkTimeout()I)
2021-04-02 14:46:05,002 - HikariPool-1 - Start completed.
2021-04-02 14:46:05,033 - HHH000204: Processing PersistenceUnitInfo [name: default]
2021-04-02 14:46:05,076 - HHH000412: Hibernate ORM core version 5.4.29.Final
2021-04-02 14:46:05,246 - HCANN000001: Hibernate Commons Annotations {5.1.2.Final}
2021-04-02 14:46:05,320 - HHH000400: Using dialect: org.hibernate.dialect.MySQL57Dialect
2021-04-02 14:46:05,633 - HHH000490: Using JtaPlatform implementation: [org.hibernate.engine.transaction.jta.platform.internal.NoJtaPlatform]
2021-04-02 14:46:05,640 - Initialized JPA EntityManagerFactory for persistence unit 'default'
2021-04-02 14:46:05,861 - spring.jpa.open-in-view is enabled by default. Therefore, database queries may be performed during view rendering. Explicitly configure spring.jpa.open-in-view to disable this warning
2021-04-02 14:46:05,931 - Initializing ExecutorService 'applicationTaskExecutor'
2021-04-02 14:46:06,065 - Starting ProtocolHandler ["http-nio-8080"]
2021-04-02 14:46:06,079 - Tomcat started on port(s): 8080 (http) with context path '/sell'
2021-04-02 14:46:06,086 - Started SellApplication in 2.87 seconds (JVM running for 3.47)
2021-04-02 14:46:07,737 - Initializing Spring DispatcherServlet 'dispatcherServlet'
2021-04-02 14:46:07,738 - Initializing Servlet 'dispatcherServlet'
2021-04-02 14:46:07,738 - Completed initialization in 0 ms
2021-04-02 15:12:43,505 - Starting SellApplication using Java 1.8.0_131 on DESKTOP-D10RV2D with PID 1276 (D:\Projects\sell\target\classes started by Elwood in D:\Projects\sell)
2021-04-02 15:12:43,508 - No active profile set, falling back to default profiles: default
2021-04-02 15:12:44,030 - Bootstrapping Spring Data JPA repositories in DEFAULT mode.
2021-04-02 15:12:44,071 - Finished Spring Data repository scanning in 35 ms. Found 2 JPA repository interfaces.
2021-04-02 15:12:44,413 - Tomcat initialized with port(s): 8080 (http)
2021-04-02 15:12:44,419 - Initializing ProtocolHandler ["http-nio-8080"]
2021-04-02 15:12:44,419 - Starting service [Tomcat]
2021-04-02 15:12:44,419 - Starting Servlet engine: [Apache Tomcat/9.0.44]
2021-04-02 15:12:44,493 - Initializing Spring embedded WebApplicationContext
2021-04-02 15:12:44,494 - Root WebApplicationContext: initialization completed in 944 ms
2021-04-02 15:12:44,586 - HikariPool-1 - Starting...
2021-04-02 15:12:44,836 - HikariPool-1 - Driver does not support get/set network timeout for connections. (com.mysql.jdbc.JDBC4Connection.getNetworkTimeout()I)
2021-04-02 15:12:44,868 - HikariPool-1 - Start completed.
2021-04-02 15:12:44,903 - HHH000204: Processing PersistenceUnitInfo [name: default]
2021-04-02 15:12:44,941 - HHH000412: Hibernate ORM core version 5.4.29.Final
2021-04-02 15:12:45,091 - HCANN000001: Hibernate Commons Annotations {5.1.2.Final}
2021-04-02 15:12:45,168 - HHH000400: Using dialect: org.hibernate.dialect.MySQL57Dialect
2021-04-02 15:12:45,511 - HHH000490: Using JtaPlatform implementation: [org.hibernate.engine.transaction.jta.platform.internal.NoJtaPlatform]
2021-04-02 15:12:45,519 - Initialized JPA EntityManagerFactory for persistence unit 'default'
2021-04-02 15:12:45,785 - spring.jpa.open-in-view is enabled by default. Therefore, database queries may be performed during view rendering. Explicitly configure spring.jpa.open-in-view to disable this warning
2021-04-02 15:12:45,876 - Initializing ExecutorService 'applicationTaskExecutor'
2021-04-02 15:12:46,025 - Starting ProtocolHandler ["http-nio-8080"]
2021-04-02 15:12:46,043 - Tomcat started on port(s): 8080 (http) with context path '/sell'
2021-04-02 15:12:46,049 - Started SellApplication in 2.927 seconds (JVM running for 3.552)
2021-04-02 15:12:46,260 - Initializing Spring DispatcherServlet 'dispatcherServlet'
2021-04-02 15:12:46,261 - Initializing Servlet 'dispatcherServlet'
2021-04-02 15:12:46,263 - Completed initialization in 2 ms
2021-04-02 15:17:57,851 - Starting SellApplication using Java 1.8.0_131 on DESKTOP-D10RV2D with PID 7220 (D:\Projects\sell\target\classes started by Elwood in D:\Projects\sell)
2021-04-02 15:17:57,853 - No active profile set, falling back to default profiles: default
2021-04-02 15:17:58,314 - Bootstrapping Spring Data JPA repositories in DEFAULT mode.
2021-04-02 15:17:58,355 - Finished Spring Data repository scanning in 35 ms. Found 2 JPA repository interfaces.
2021-04-02 15:17:58,660 - Tomcat initialized with port(s): 8080 (http)
2021-04-02 15:17:58,665 - Initializing ProtocolHandler ["http-nio-8080"]
2021-04-02 15:17:58,665 - Starting service [Tomcat]
2021-04-02 15:17:58,666 - Starting Servlet engine: [Apache Tomcat/9.0.44]
2021-04-02 15:17:58,740 - Initializing Spring embedded WebApplicationContext
2021-04-02 15:17:58,740 - Root WebApplicationContext: initialization completed in 858 ms
2021-04-02 15:17:58,831 - HikariPool-1 - Starting...
2021-04-02 15:17:59,043 - HikariPool-1 - Driver does not support get/set network timeout for connections. (com.mysql.jdbc.JDBC4Connection.getNetworkTimeout()I)
2021-04-02 15:17:59,103 - HikariPool-1 - Start completed.
2021-04-02 15:17:59,136 - HHH000204: Processing PersistenceUnitInfo [name: default]
2021-04-02 15:17:59,174 - HHH000412: Hibernate ORM core version 5.4.29.Final
2021-04-02 15:17:59,306 - HCANN000001: Hibernate Commons Annotations {5.1.2.Final}
2021-04-02 15:17:59,377 - HHH000400: Using dialect: org.hibernate.dialect.MySQL57Dialect
2021-04-02 15:17:59,693 - HHH000490: Using JtaPlatform implementation: [org.hibernate.engine.transaction.jta.platform.internal.NoJtaPlatform]
2021-04-02 15:17:59,702 - Initialized JPA EntityManagerFactory for persistence unit 'default'
2021-04-02 15:17:59,924 - spring.jpa.open-in-view is enabled by default. Therefore, database queries may be performed during view rendering. Explicitly configure spring.jpa.open-in-view to disable this warning
2021-04-02 15:17:59,990 - Initializing ExecutorService 'applicationTaskExecutor'
2021-04-02 15:18:00,119 - Starting ProtocolHandler ["http-nio-8080"]
2021-04-02 15:18:00,132 - Tomcat started on port(s): 8080 (http) with context path '/sell'
2021-04-02 15:18:00,139 - Started SellApplication in 2.645 seconds (JVM running for 3.255)
2021-04-02 15:18:00,211 - Initializing Spring DispatcherServlet 'dispatcherServlet'
2021-04-02 15:18:00,211 - Initializing Servlet 'dispatcherServlet'
2021-04-02 15:18:00,211 - Completed initialization in 0 ms
2021-04-02 15:20:29,945 - Starting SellApplication using Java 1.8.0_131 on DESKTOP-D10RV2D with PID 6572 (D:\Projects\sell\target\classes started by Elwood in D:\Projects\sell)
2021-04-02 15:20:29,947 - No active profile set, falling back to default profiles: default
2021-04-02 15:20:30,427 - Bootstrapping Spring Data JPA repositories in DEFAULT mode.
2021-04-02 15:20:30,470 - Finished Spring Data repository scanning in 36 ms. Found 2 JPA repository interfaces.
2021-04-02 15:20:30,817 - Tomcat initialized with port(s): 8080 (http)
2021-04-02 15:20:30,840 - Initializing ProtocolHandler ["http-nio-8080"]
2021-04-02 15:20:30,841 - Starting service [Tomcat]
2021-04-02 15:20:30,842 - Starting Servlet engine: [Apache Tomcat/9.0.44]
2021-04-02 15:20:30,918 - Initializing Spring embedded WebApplicationContext
2021-04-02 15:20:30,918 - Root WebApplicationContext: initialization completed in 934 ms
2021-04-02 15:20:31,025 - HikariPool-1 - Starting...
2021-04-02 15:20:31,401 - HikariPool-1 - Driver does not support get/set network timeout for connections. (com.mysql.jdbc.JDBC4Connection.getNetworkTimeout()I)
2021-04-02 15:20:31,433 - HikariPool-1 - Start completed.
2021-04-02 15:20:31,475 - HHH000204: Processing PersistenceUnitInfo [name: default]
2021-04-02 15:20:31,572 - HHH000412: Hibernate ORM core version 5.4.29.Final
2021-04-02 15:20:31,668 - HCANN000001: Hibernate Commons Annotations {5.1.2.Final}
2021-04-02 15:20:31,758 - HHH000400: Using dialect: org.hibernate.dialect.MySQL57Dialect
2021-04-02 15:20:32,134 - HHH000490: Using JtaPlatform implementation: [org.hibernate.engine.transaction.jta.platform.internal.NoJtaPlatform]
2021-04-02 15:20:32,143 - Initialized JPA EntityManagerFactory for persistence unit 'default'
2021-04-02 15:20:32,432 - spring.jpa.open-in-view is enabled by default. Therefore, database queries may be performed during view rendering. Explicitly configure spring.jpa.open-in-view to disable this warning
2021-04-02 15:20:32,501 - Initializing ExecutorService 'applicationTaskExecutor'
2021-04-02 15:20:32,664 - Starting ProtocolHandler ["http-nio-8080"]
2021-04-02 15:20:32,678 - Tomcat started on port(s): 8080 (http) with context path '/sell'
2021-04-02 15:20:32,685 - Started SellApplication in 3.136 seconds (JVM running for 3.794)
2021-04-02 15:20:35,262 - Initializing Spring DispatcherServlet 'dispatcherServlet'
2021-04-02 15:20:35,262 - Initializing Servlet 'dispatcherServlet'
2021-04-02 15:20:35,263 - Completed initialization in 1 ms
2021-04-02 15:22:23,409 - HikariPool-1 - Thread starvation or clock leap detected (housekeeper delta=1m10s391ms93µs400ns).
2021-04-02 15:22:51,197 - Shutting down ExecutorService 'applicationTaskExecutor'
2021-04-02 15:22:51,197 - Closing JPA EntityManagerFactory for persistence unit 'default'
2021-04-02 15:22:51,198 - HikariPool-1 - Shutdown initiated...
2021-04-02 15:22:51,200 - HikariPool-1 - Shutdown completed.
2021-04-02 15:24:04,091 - Starting SellApplication using Java 1.8.0_131 on DESKTOP-D10RV2D with PID 11660 (D:\Projects\sell\target\classes started by Elwood in D:\Projects\sell)
2021-04-02 15:24:04,093 - No active profile set, falling back to default profiles: default
2021-04-02 15:24:04,536 - Bootstrapping Spring Data JPA repositories in DEFAULT mode.
2021-04-02 15:24:04,580 - Finished Spring Data repository scanning in 38 ms. Found 2 JPA repository interfaces.
2021-04-02 15:24:08,091 - Starting SellApplication using Java 1.8.0_131 on DESKTOP-D10RV2D with PID 9284 (D:\Projects\sell\target\classes started by Elwood in D:\Projects\sell)
2021-04-02 15:24:08,095 - No active profile set, falling back to default profiles: default
2021-04-02 15:24:08,620 - Bootstrapping Spring Data JPA repositories in DEFAULT mode.
2021-04-02 15:24:08,666 - Finished Spring Data repository scanning in 38 ms. Found 2 JPA repository interfaces.
2021-04-02 15:24:09,009 - Tomcat initialized with port(s): 8080 (http)
2021-04-02 15:24:09,015 - Initializing ProtocolHandler ["http-nio-8080"]
2021-04-02 15:24:09,016 - Starting service [Tomcat]
2021-04-02 15:24:09,016 - Starting Servlet engine: [Apache Tomcat/9.0.44]
2021-04-02 15:24:09,091 - Initializing Spring embedded WebApplicationContext
2021-04-02 15:24:09,091 - Root WebApplicationContext: initialization completed in 953 ms
2021-04-02 15:24:09,206 - HikariPool-1 - Starting...
2021-04-02 15:24:09,441 - HikariPool-1 - Driver does not support get/set network timeout for connections. (com.mysql.jdbc.JDBC4Connection.getNetworkTimeout()I)
2021-04-02 15:24:09,472 - HikariPool-1 - Start completed.
2021-04-02 15:24:09,516 - HHH000204: Processing PersistenceUnitInfo [name: default]
2021-04-02 15:24:09,635 - HHH000412: Hibernate ORM core version 5.4.29.Final
2021-04-02 15:24:09,738 - HCANN000001: Hibernate Commons Annotations {5.1.2.Final}
2021-04-02 15:24:09,827 - HHH000400: Using dialect: org.hibernate.dialect.MySQL57Dialect
2021-04-02 15:24:10,204 - HHH000490: Using JtaPlatform implementation: [org.hibernate.engine.transaction.jta.platform.internal.NoJtaPlatform]
2021-04-02 15:24:10,212 - Initialized JPA EntityManagerFactory for persistence unit 'default'
2021-04-02 15:24:10,488 - spring.jpa.open-in-view is enabled by default. Therefore, database queries may be performed during view rendering. Explicitly configure spring.jpa.open-in-view to disable this warning
2021-04-02 15:24:10,588 - Initializing ExecutorService 'applicationTaskExecutor'
2021-04-02 15:24:10,723 - Starting ProtocolHandler ["http-nio-8080"]
2021-04-02 15:24:10,736 - Tomcat started on port(s): 8080 (http) with context path '/sell'
2021-04-02 15:24:10,743 - Started SellApplication in 3.07 seconds (JVM running for 3.75)
2021-04-02 15:24:16,060 - Initializing Spring DispatcherServlet 'dispatcherServlet'
2021-04-02 15:24:16,060 - Initializing Servlet 'dispatcherServlet'
2021-04-02 15:24:16,061 - Completed initialization in 1 ms
2021-04-02 15:27:39,848 - HikariPool-1 - Thread starvation or clock leap detected (housekeeper delta=2m46s666ms691µs400ns).
2021-04-02 15:27:40,028 - Shutting down ExecutorService 'applicationTaskExecutor'
2021-04-02 15:27:40,028 - Closing JPA EntityManagerFactory for persistence unit 'default'
2021-04-02 15:27:40,030 - HikariPool-1 - Shutdown initiated...
2021-04-02 15:27:40,032 - HikariPool-1 - Shutdown completed.
2021-04-02 15:27:46,343 - Starting SellApplication using Java 1.8.0_131 on DESKTOP-D10RV2D with PID 13892 (D:\Projects\sell\target\classes started by Elwood in D:\Projects\sell)
2021-04-02 15:27:46,346 - No active profile set, falling back to default profiles: default
2021-04-02 15:27:46,826 - Bootstrapping Spring Data JPA repositories in DEFAULT mode.
2021-04-02 15:27:46,870 - Finished Spring Data repository scanning in 36 ms. Found 2 JPA repository interfaces.
2021-04-02 15:27:47,202 - Tomcat initialized with port(s): 8080 (http)
2021-04-02 15:27:47,208 - Initializing ProtocolHandler ["http-nio-8080"]
2021-04-02 15:27:47,208 - Starting service [Tomcat]
2021-04-02 15:27:47,208 - Starting Servlet engine: [Apache Tomcat/9.0.44]
2021-04-02 15:27:47,279 - Initializing Spring embedded WebApplicationContext
2021-04-02 15:27:47,279 - Root WebApplicationContext: initialization completed in 898 ms
2021-04-02 15:27:47,383 - HikariPool-1 - Starting...
2021-04-02 15:27:47,602 - HikariPool-1 - Driver does not support get/set network timeout for connections. (com.mysql.jdbc.JDBC4Connection.getNetworkTimeout()I)
2021-04-02 15:27:47,632 - HikariPool-1 - Start completed.
2021-04-02 15:27:47,674 - HHH000204: Processing PersistenceUnitInfo [name: default]
2021-04-02 15:27:47,778 - HHH000412: Hibernate ORM core version 5.4.29.Final
2021-04-02 15:27:47,876 - HCANN000001: Hibernate Commons Annotations {5.1.2.Final}
2021-04-02 15:27:47,965 - HHH000400: Using dialect: org.hibernate.dialect.MySQL57Dialect
2021-04-02 15:27:48,344 - HHH000490: Using JtaPlatform implementation: [org.hibernate.engine.transaction.jta.platform.internal.NoJtaPlatform]
2021-04-02 15:27:48,353 - Initialized JPA EntityManagerFactory for persistence unit 'default'
2021-04-02 15:27:48,640 - spring.jpa.open-in-view is enabled by default. Therefore, database queries may be performed during view rendering. Explicitly configure spring.jpa.open-in-view to disable this warning
2021-04-02 15:27:48,714 - Initializing ExecutorService 'applicationTaskExecutor'
2021-04-02 15:27:48,847 - Starting ProtocolHandler ["http-nio-8080"]
2021-04-02 15:27:48,862 - Tomcat started on port(s): 8080 (http) with context path '/sell'
2021-04-02 15:27:48,869 - Started SellApplication in 2.929 seconds (JVM running for 3.612)
2021-04-02 15:27:57,436 - Initializing Spring DispatcherServlet 'dispatcherServlet'
2021-04-02 15:27:57,436 - Initializing Servlet 'dispatcherServlet'
2021-04-02 15:27:57,437 - Completed initialization in 1 ms
2021-04-02 15:31:46,481 - HikariPool-1 - Thread starvation or clock leap detected (housekeeper delta=1m3s307ms649µs100ns).
2021-04-02 15:31:46,660 - Shutting down ExecutorService 'applicationTaskExecutor'
2021-04-02 15:31:46,661 - Closing JPA EntityManagerFactory for persistence unit 'default'
2021-04-02 15:31:46,663 - HikariPool-1 - Shutdown initiated...
2021-04-02 15:31:46,666 - HikariPool-1 - Shutdown completed.
2021-04-02 15:31:54,961 - Starting SellApplication using Java 1.8.0_131 on DESKTOP-D10RV2D with PID 8792 (D:\Projects\sell\target\classes started by Elwood in D:\Projects\sell)
2021-04-02 15:31:54,963 - No active profile set, falling back to default profiles: default
2021-04-02 15:31:55,408 - Bootstrapping Spring Data JPA repositories in DEFAULT mode.
2021-04-02 15:31:55,448 - Finished Spring Data repository scanning in 34 ms. Found 2 JPA repository interfaces.
2021-04-02 15:31:55,747 - Tomcat initialized with port(s): 8080 (http)
2021-04-02 15:31:55,752 - Initializing ProtocolHandler ["http-nio-8080"]
2021-04-02 15:31:55,752 - Starting service [Tomcat]
2021-04-02 15:31:55,752 - Starting Servlet engine: [Apache Tomcat/9.0.44]
2021-04-02 15:31:55,825 - Initializing Spring embedded WebApplicationContext
2021-04-02 15:31:55,826 - Root WebApplicationContext: initialization completed in 832 ms
2021-04-02 15:31:55,913 - HikariPool-1 - Starting...
2021-04-02 15:31:56,157 - HikariPool-1 - Driver does not support get/set network timeout for connections. (com.mysql.jdbc.JDBC4Connection.getNetworkTimeout()I)
2021-04-02 15:31:56,190 - HikariPool-1 - Start completed.
2021-04-02 15:31:56,218 - HHH000204: Processing PersistenceUnitInfo [name: default]
2021-04-02 15:31:56,257 - HHH000412: Hibernate ORM core version 5.4.29.Final
2021-04-02 15:31:56,397 - HCANN000001: Hibernate Commons Annotations {5.1.2.Final}
2021-04-02 15:31:56,468 - HHH000400: Using dialect: org.hibernate.dialect.MySQL57Dialect
2021-04-02 15:31:56,766 - HHH000490: Using JtaPlatform implementation: [org.hibernate.engine.transaction.jta.platform.internal.NoJtaPlatform]
2021-04-02 15:31:56,774 - Initialized JPA EntityManagerFactory for persistence unit 'default'
2021-04-02 15:31:56,993 - spring.jpa.open-in-view is enabled by default. Therefore, database queries may be performed during view rendering. Explicitly configure spring.jpa.open-in-view to disable this warning
2021-04-02 15:31:57,056 - Initializing ExecutorService 'applicationTaskExecutor'
2021-04-02 15:31:57,175 - Starting ProtocolHandler ["http-nio-8080"]
2021-04-02 15:31:57,187 - Tomcat started on port(s): 8080 (http) with context path '/sell'
2021-04-02 15:31:57,193 - Started SellApplication in 2.557 seconds (JVM running for 3.106)
2021-04-02 15:31:57,935 - Initializing Spring DispatcherServlet 'dispatcherServlet'
2021-04-02 15:31:57,935 - Initializing Servlet 'dispatcherServlet'
2021-04-02 15:31:57,936 - Completed initialization in 1 ms
